This file contains any messages produced by compilers while
running configure, to aid debugging if configure makes a mistake.

It was created by Iperf configure 2.0.9, which was
generated by GNU Autoconf 2.69.  Invocation command line was

  $ ./configure --host=arm-linux

## --------- ##
## Platform. ##
## --------- ##

hostname = debian7
uname -m = x86_64
uname -r = 3.2.0-4-amd64
uname -s = Linux
uname -v = #1 SMP Debian 3.2.57-3+deb7u1

/usr/bin/uname -p = unknown
/bin/uname -X     = unknown

/bin/arch              = unknown
/usr/bin/arch -k       = unknown
/usr/convex/getsysinfo = unknown
/usr/bin/hostinfo      = unknown
/bin/machine           = unknown
/usr/bin/oslevel       = unknown
/bin/universe          = unknown

PATH: /work/qli/bin
PATH: /usr/lib/jvm/java/bin
PATH: /usr/local/sbin
PATH: /usr/local/bin
PATH: /usr/sbin
PATH: /usr/bin
PATH: /sbin
PATH: /bin
PATH: /usr/local/arm/4.2.2-eabi/usr/bin


## ----------- ##
## Core tests. ##
## ----------- ##

configure:2613: checking for a BSD-compatible install
configure:2681: result: /usr/bin/install -c
configure:2692: checking whether build environment is sane
configure:2747: result: yes
configure:2806: checking for arm-linux-strip
configure:2833: result: arm-linux-strip
configure:2898: checking for a thread-safe mkdir -p
configure:2937: result: /bin/mkdir -p
configure:2944: checking for gawk
configure:2974: result: no
configure:2944: checking for mawk
configure:2960: found /usr/bin/mawk
configure:2971: result: mawk
configure:2982: checking whether make sets $(MAKE)
configure:3004: result: yes
configure:3033: checking whether make supports nested variables
configure:3050: result: yes
configure:3136: checking whether to enable maintainer-specific portions of Makefiles
configure:3145: result: no
configure:3345: checking for C++ compiler version
configure:3354: arm-linux-g++ --version >&5
arm-linux-g++ (GCC) 4.2.2
Copyright (C) 2007 Free Software Foundation, Inc.
This is free software; see the source for copying conditions.  There is NO
warranty; not even for MERCHANTABILITY or FITNESS FOR A PARTICULAR PURPOSE.

configure:3365: $? = 0
configure:3354: arm-linux-g++ -v >&5
Using built-in specs.
Target: arm-unknown-linux-gnueabi
Configured with: /home/scsuh/workplace/coffee/buildroot-20071011/toolchain_build_arm/gcc-4.2.2/configure --prefix=/usr --build=i386-pc-linux-gnu --host=i386-pc-linux-gnu --target=arm-unknown-linux-gnueabi --enable-languages=c,c++ --with-sysroot=/usr/local/arm/4.2.2-eabi/ --with-build-time-tools=/usr/local/arm/4.2.2-eabi//usr/arm-unknown-linux-gnueabi/bin --disable-__cxa_atexit --enable-target-optspace --with-gnu-ld --enable-shared --with-gmp=/usr/local/arm/4.2.2-eabi//gmp --with-mpfr=/usr/local/arm/4.2.2-eabi//mpfr --disable-nls --enable-threads --disable-multilib --disable-largefile --with-arch=armv4t --with-float=soft --enable-cxx-flags=-msoft-float
Thread model: posix
gcc version 4.2.2
configure:3365: $? = 0
configure:3354: arm-linux-g++ -V >&5
arm-linux-g++: '-V' option must have argument
configure:3365: $? = 1
configure:3354: arm-linux-g++ -qversion >&5
arm-linux-g++: unrecognized option '-qversion'
arm-linux-g++: no input files
configure:3365: $? = 1
configure:3385: checking whether the C++ compiler works
configure:3407: arm-linux-g++ -O2 -DNDEBUG -D__SS_LINUX__ -D__SS_ARM_LINUX__ -O2 -DNDEBUG -D__SS_LINUX__ -D__SS_ARM_LINUX__  conftest.cpp  >&5
configure:3411: $? = 0
configure:3459: result: yes
configure:3462: checking for C++ compiler default output file name
configure:3464: result: a.out
configure:3470: checking for suffix of executables
configure:3477: arm-linux-g++ -o conftest -O2 -DNDEBUG -D__SS_LINUX__ -D__SS_ARM_LINUX__ -O2 -DNDEBUG -D__SS_LINUX__ -D__SS_ARM_LINUX__  conftest.cpp  >&5
configure:3481: $? = 0
configure:3503: result: 
configure:3525: checking whether we are cross compiling
configure:3533: arm-linux-g++ -o conftest -O2 -DNDEBUG -D__SS_LINUX__ -D__SS_ARM_LINUX__ -O2 -DNDEBUG -D__SS_LINUX__ -D__SS_ARM_LINUX__  conftest.cpp  >&5
configure:3537: $? = 0
configure:3544: ./conftest
./configure: line 3546: ./conftest: cannot execute binary file
configure:3548: $? = 126
configure:3563: result: yes
configure:3568: checking for suffix of object files
configure:3590: arm-linux-g++ -c -O2 -DNDEBUG -D__SS_LINUX__ -D__SS_ARM_LINUX__ -O2 -DNDEBUG -D__SS_LINUX__ -D__SS_ARM_LINUX__ conftest.cpp >&5
configure:3594: $? = 0
configure:3615: result: o
configure:3619: checking whether we are using the GNU C++ compiler
configure:3638: arm-linux-g++ -c -O2 -DNDEBUG -D__SS_LINUX__ -D__SS_ARM_LINUX__ -O2 -DNDEBUG -D__SS_LINUX__ -D__SS_ARM_LINUX__ conftest.cpp >&5
configure:3638: $? = 0
configure:3647: result: yes
configure:3656: checking whether arm-linux-g++ accepts -g
configure:3676: arm-linux-g++ -c -g -O2 -DNDEBUG -D__SS_LINUX__ -D__SS_ARM_LINUX__ conftest.cpp >&5
configure:3676: $? = 0
configure:3717: result: yes
configure:3751: checking for style of include used by make
configure:3779: result: GNU
configure:3805: checking dependency style of arm-linux-g++
configure:3916: result: gcc3
configure:3940: checking for arm-linux-gcc
configure:3967: result: arm-linux-gcc
configure:4236: checking for C compiler version
configure:4245: arm-linux-gcc --version >&5
arm-linux-gcc (GCC) 4.2.2
Copyright (C) 2007 Free Software Foundation, Inc.
This is free software; see the source for copying conditions.  There is NO
warranty; not even for MERCHANTABILITY or FITNESS FOR A PARTICULAR PURPOSE.

configure:4256: $? = 0
configure:4245: arm-linux-gcc -v >&5
Using built-in specs.
Target: arm-unknown-linux-gnueabi
Configured with: /home/scsuh/workplace/coffee/buildroot-20071011/toolchain_build_arm/gcc-4.2.2/configure --prefix=/usr --build=i386-pc-linux-gnu --host=i386-pc-linux-gnu --target=arm-unknown-linux-gnueabi --enable-languages=c,c++ --with-sysroot=/usr/local/arm/4.2.2-eabi/ --with-build-time-tools=/usr/local/arm/4.2.2-eabi//usr/arm-unknown-linux-gnueabi/bin --disable-__cxa_atexit --enable-target-optspace --with-gnu-ld --enable-shared --with-gmp=/usr/local/arm/4.2.2-eabi//gmp --with-mpfr=/usr/local/arm/4.2.2-eabi//mpfr --disable-nls --enable-threads --disable-multilib --disable-largefile --with-arch=armv4t --with-float=soft --enable-cxx-flags=-msoft-float
Thread model: posix
gcc version 4.2.2
configure:4256: $? = 0
configure:4245: arm-linux-gcc -V >&5
arm-linux-gcc: '-V' option must have argument
configure:4256: $? = 1
configure:4245: arm-linux-gcc -qversion >&5
arm-linux-gcc: unrecognized option '-qversion'
arm-linux-gcc: no input files
configure:4256: $? = 1
configure:4260: checking whether we are using the GNU C compiler
configure:4279: arm-linux-gcc -c -O2 -DNDEBUG -D__SS_LINUX__ -D__SS_ARM_LINUX__ -O2 -DNDEBUG -D__SS_LINUX__ -D__SS_ARM_LINUX__ conftest.c >&5
configure:4279: $? = 0
configure:4288: result: yes
configure:4297: checking whether arm-linux-gcc accepts -g
configure:4317: arm-linux-gcc -c -g -O2 -DNDEBUG -D__SS_LINUX__ -D__SS_ARM_LINUX__ conftest.c >&5
configure:4317: $? = 0
configure:4358: result: yes
configure:4375: checking for arm-linux-gcc option to accept ISO C89
configure:4438: arm-linux-gcc  -c -O2 -DNDEBUG -D__SS_LINUX__ -D__SS_ARM_LINUX__ -O2 -DNDEBUG -D__SS_LINUX__ -D__SS_ARM_LINUX__ conftest.c >&5
configure:4438: $? = 0
configure:4451: result: none needed
configure:4473: checking dependency style of arm-linux-gcc
configure:4584: result: gcc3
configure:4601: checking for library containing strerror
configure:4632: arm-linux-gcc -o conftest  -O2 -DNDEBUG -D__SS_LINUX__ -D__SS_ARM_LINUX__  -O2 -DNDEBUG -D__SS_LINUX__ -D__SS_ARM_LINUX__  conftest.c  >&5
configure:4632: $? = 0
configure:4649: result: none required
configure:4658: checking whether make sets $(MAKE)
configure:4680: result: yes
configure:4692: checking for arm-linux-ranlib
configure:4719: result: arm-linux-ranlib
configure:4791: checking build system type
configure:4805: result: x86_64-unknown-linux-gnu
configure:4825: checking host system type
configure:4838: result: arm-unknown-linux-gnu
configure:4859: checking for clock_gettime in -lrt
configure:4884: arm-linux-gcc -o conftest  -O2 -DNDEBUG -D__SS_LINUX__ -D__SS_ARM_LINUX__  -O2 -DNDEBUG -D__SS_LINUX__ -D__SS_ARM_LINUX__  conftest.c -lrt   >&5
configure:4884: $? = 0
configure:4893: result: yes
configure:5071: checking for the pthreads library -lpthreads
configure:5104: arm-linux-gcc -o conftest  -O2 -DNDEBUG -D__SS_LINUX__ -D__SS_ARM_LINUX__   -O2 -DNDEBUG -D__SS_LINUX__ -D__SS_ARM_LINUX__  conftest.c -lpthreads -lrt  >&5
/usr/local/arm/4.2.2-eabi/usr/bin-ccache/../lib/gcc/arm-unknown-linux-gnueabi/4.2.2/../../../../arm-unknown-linux-gnueabi/bin/ld: cannot find -lpthreads
collect2: ld returned 1 exit status
configure:5104: $? = 1
configure: failed program was:
| /* confdefs.h */
| #define PACKAGE_NAME "Iperf"
| #define PACKAGE_TARNAME "iperf"
| #define PACKAGE_VERSION "2.0.9"
| #define PACKAGE_STRING "Iperf 2.0.9"
| #define PACKAGE_BUGREPORT ""
| #define PACKAGE_URL ""
| #define PACKAGE "iperf"
| #define VERSION "2.0.9"
| #define HAVE_LIBRT 1
| /* end confdefs.h.  */
| #include <pthread.h>
| int
| main ()
| {
| pthread_t th; pthread_join(th, 0);
|                      pthread_attr_init(0); pthread_cleanup_push(0, 0);
|                      pthread_create(0,0,0,0); pthread_cleanup_pop(0);
|   ;
|   return 0;
| }
configure:5113: result: no
configure:5016: checking whether pthreads work without any flags
configure:5104: arm-linux-gcc -o conftest  -O2 -DNDEBUG -D__SS_LINUX__ -D__SS_ARM_LINUX__   -O2 -DNDEBUG -D__SS_LINUX__ -D__SS_ARM_LINUX__  conftest.c  -lrt  >&5
configure:5104: $? = 0
configure:5113: result: yes
configure:5133: checking for joinable pthread attribute
configure:5146: arm-linux-gcc -o conftest  -O2 -DNDEBUG -D__SS_LINUX__ -D__SS_ARM_LINUX__   -O2 -DNDEBUG -D__SS_LINUX__ -D__SS_ARM_LINUX__  conftest.c  -lrt  >&5
configure:5146: $? = 0
configure:5178: result: PTHREAD_CREATE_JOINABLE
configure:5185: checking if more special flags are required for pthreads
configure:5192: result: no
configure:5204: checking for cc_r
configure:5232: result: arm-linux-gcc
configure:5273: checking for library containing gethostbyname
configure:5304: arm-linux-gcc -o conftest  -O2 -DNDEBUG -D__SS_LINUX__ -D__SS_ARM_LINUX__  -O2 -DNDEBUG -D__SS_LINUX__ -D__SS_ARM_LINUX__  conftest.c -lrt  >&5
configure:5304: $? = 0
configure:5321: result: none required
configure:5329: checking for library containing socket
configure:5360: arm-linux-gcc -o conftest  -O2 -DNDEBUG -D__SS_LINUX__ -D__SS_ARM_LINUX__  -O2 -DNDEBUG -D__SS_LINUX__ -D__SS_ARM_LINUX__  conftest.c -lrt  >&5
configure:5360: $? = 0
configure:5377: result: none required
configure:5407: checking how to run the C preprocessor
configure:5477: result: arm-linux-gcc -E
configure:5497: arm-linux-gcc -E -O2 -DNDEBUG -D__SS_LINUX__ -D__SS_ARM_LINUX__ conftest.c
configure:5497: $? = 0
configure:5511: arm-linux-gcc -E -O2 -DNDEBUG -D__SS_LINUX__ -D__SS_ARM_LINUX__ conftest.c
conftest.c:15:28: error: ac_nonexistent.h: No such file or directory
configure:5511: $? = 1
configure: failed program was:
| /* confdefs.h */
| #define PACKAGE_NAME "Iperf"
| #define PACKAGE_TARNAME "iperf"
| #define PACKAGE_VERSION "2.0.9"
| #define PACKAGE_STRING "Iperf 2.0.9"
| #define PACKAGE_BUGREPORT ""
| #define PACKAGE_URL ""
| #define PACKAGE "iperf"
| #define VERSION "2.0.9"
| #define HAVE_LIBRT 1
| #define HAVE_PTHREAD 1
| #define HAVE_POSIX_THREAD 1
| #define _REENTRANT 1
| /* end confdefs.h.  */
| #include <ac_nonexistent.h>
configure:5540: checking for grep that handles long lines and -e
configure:5598: result: /bin/grep
configure:5603: checking for egrep
configure:5665: result: /bin/grep -E
configure:5670: checking for ANSI C header files
configure:5690: arm-linux-gcc -c  -O2 -DNDEBUG -D__SS_LINUX__ -D__SS_ARM_LINUX__  -O2 -DNDEBUG -D__SS_LINUX__ -D__SS_ARM_LINUX__ conftest.c >&5
configure:5690: $? = 0
configure:5774: result: yes
configure:5787: checking for sys/types.h
configure:5787: arm-linux-gcc -c  -O2 -DNDEBUG -D__SS_LINUX__ -D__SS_ARM_LINUX__  -O2 -DNDEBUG -D__SS_LINUX__ -D__SS_ARM_LINUX__ conftest.c >&5
configure:5787: $? = 0
configure:5787: result: yes
configure:5787: checking for sys/stat.h
configure:5787: arm-linux-gcc -c  -O2 -DNDEBUG -D__SS_LINUX__ -D__SS_ARM_LINUX__  -O2 -DNDEBUG -D__SS_LINUX__ -D__SS_ARM_LINUX__ conftest.c >&5
configure:5787: $? = 0
configure:5787: result: yes
configure:5787: checking for stdlib.h
configure:5787: arm-linux-gcc -c  -O2 -DNDEBUG -D__SS_LINUX__ -D__SS_ARM_LINUX__  -O2 -DNDEBUG -D__SS_LINUX__ -D__SS_ARM_LINUX__ conftest.c >&5
configure:5787: $? = 0
configure:5787: result: yes
configure:5787: checking for string.h
configure:5787: arm-linux-gcc -c  -O2 -DNDEBUG -D__SS_LINUX__ -D__SS_ARM_LINUX__  -O2 -DNDEBUG -D__SS_LINUX__ -D__SS_ARM_LINUX__ conftest.c >&5
configure:5787: $? = 0
configure:5787: result: yes
configure:5787: checking for memory.h
configure:5787: arm-linux-gcc -c  -O2 -DNDEBUG -D__SS_LINUX__ -D__SS_ARM_LINUX__  -O2 -DNDEBUG -D__SS_LINUX__ -D__SS_ARM_LINUX__ conftest.c >&5
configure:5787: $? = 0
configure:5787: result: yes
configure:5787: checking for strings.h
configure:5787: arm-linux-gcc -c  -O2 -DNDEBUG -D__SS_LINUX__ -D__SS_ARM_LINUX__  -O2 -DNDEBUG -D__SS_LINUX__ -D__SS_ARM_LINUX__ conftest.c >&5
configure:5787: $? = 0
configure:5787: result: yes
configure:5787: checking for inttypes.h
configure:5787: arm-linux-gcc -c  -O2 -DNDEBUG -D__SS_LINUX__ -D__SS_ARM_LINUX__  -O2 -DNDEBUG -D__SS_LINUX__ -D__SS_ARM_LINUX__ conftest.c >&5
configure:5787: $? = 0
configure:5787: result: yes
configure:5787: checking for stdint.h
configure:5787: arm-linux-gcc -c  -O2 -DNDEBUG -D__SS_LINUX__ -D__SS_ARM_LINUX__  -O2 -DNDEBUG -D__SS_LINUX__ -D__SS_ARM_LINUX__ conftest.c >&5
configure:5787: $? = 0
configure:5787: result: yes
configure:5787: checking for unistd.h
configure:5787: arm-linux-gcc -c  -O2 -DNDEBUG -D__SS_LINUX__ -D__SS_ARM_LINUX__  -O2 -DNDEBUG -D__SS_LINUX__ -D__SS_ARM_LINUX__ conftest.c >&5
configure:5787: $? = 0
configure:5787: result: yes
configure:5802: checking arpa/inet.h usability
configure:5802: arm-linux-gcc -c  -O2 -DNDEBUG -D__SS_LINUX__ -D__SS_ARM_LINUX__  -O2 -DNDEBUG -D__SS_LINUX__ -D__SS_ARM_LINUX__ conftest.c >&5
configure:5802: $? = 0
configure:5802: result: yes
configure:5802: checking arpa/inet.h presence
configure:5802: arm-linux-gcc -E -O2 -DNDEBUG -D__SS_LINUX__ -D__SS_ARM_LINUX__ conftest.c
configure:5802: $? = 0
configure:5802: result: yes
configure:5802: checking for arpa/inet.h
configure:5802: result: yes
configure:5802: checking libintl.h usability
configure:5802: arm-linux-gcc -c  -O2 -DNDEBUG -D__SS_LINUX__ -D__SS_ARM_LINUX__  -O2 -DNDEBUG -D__SS_LINUX__ -D__SS_ARM_LINUX__ conftest.c >&5
configure:5802: $? = 0
configure:5802: result: yes
configure:5802: checking libintl.h presence
configure:5802: arm-linux-gcc -E -O2 -DNDEBUG -D__SS_LINUX__ -D__SS_ARM_LINUX__ conftest.c
configure:5802: $? = 0
configure:5802: result: yes
configure:5802: checking for libintl.h
configure:5802: result: yes
configure:5802: checking netdb.h usability
configure:5802: arm-linux-gcc -c  -O2 -DNDEBUG -D__SS_LINUX__ -D__SS_ARM_LINUX__  -O2 -DNDEBUG -D__SS_LINUX__ -D__SS_ARM_LINUX__ conftest.c >&5
configure:5802: $? = 0
configure:5802: result: yes
configure:5802: checking netdb.h presence
configure:5802: arm-linux-gcc -E -O2 -DNDEBUG -D__SS_LINUX__ -D__SS_ARM_LINUX__ conftest.c
configure:5802: $? = 0
configure:5802: result: yes
configure:5802: checking for netdb.h
configure:5802: result: yes
configure:5802: checking netinet/in.h usability
configure:5802: arm-linux-gcc -c  -O2 -DNDEBUG -D__SS_LINUX__ -D__SS_ARM_LINUX__  -O2 -DNDEBUG -D__SS_LINUX__ -D__SS_ARM_LINUX__ conftest.c >&5
configure:5802: $? = 0
configure:5802: result: yes
configure:5802: checking netinet/in.h presence
configure:5802: arm-linux-gcc -E -O2 -DNDEBUG -D__SS_LINUX__ -D__SS_ARM_LINUX__ conftest.c
configure:5802: $? = 0
configure:5802: result: yes
configure:5802: checking for netinet/in.h
configure:5802: result: yes
configure:5802: checking for stdlib.h
configure:5802: result: yes
configure:5802: checking for string.h
configure:5802: result: yes
configure:5802: checking for strings.h
configure:5802: result: yes
configure:5802: checking sys/socket.h usability
configure:5802: arm-linux-gcc -c  -O2 -DNDEBUG -D__SS_LINUX__ -D__SS_ARM_LINUX__  -O2 -DNDEBUG -D__SS_LINUX__ -D__SS_ARM_LINUX__ conftest.c >&5
configure:5802: $? = 0
configure:5802: result: yes
configure:5802: checking sys/socket.h presence
configure:5802: arm-linux-gcc -E -O2 -DNDEBUG -D__SS_LINUX__ -D__SS_ARM_LINUX__ conftest.c
configure:5802: $? = 0
configure:5802: result: yes
configure:5802: checking for sys/socket.h
configure:5802: result: yes
configure:5802: checking sys/time.h usability
configure:5802: arm-linux-gcc -c  -O2 -DNDEBUG -D__SS_LINUX__ -D__SS_ARM_LINUX__  -O2 -DNDEBUG -D__SS_LINUX__ -D__SS_ARM_LINUX__ conftest.c >&5
configure:5802: $? = 0
configure:5802: result: yes
configure:5802: checking sys/time.h presence
configure:5802: arm-linux-gcc -E -O2 -DNDEBUG -D__SS_LINUX__ -D__SS_ARM_LINUX__ conftest.c
configure:5802: $? = 0
configure:5802: result: yes
configure:5802: checking for sys/time.h
configure:5802: result: yes
configure:5802: checking syslog.h usability
configure:5802: arm-linux-gcc -c  -O2 -DNDEBUG -D__SS_LINUX__ -D__SS_ARM_LINUX__  -O2 -DNDEBUG -D__SS_LINUX__ -D__SS_ARM_LINUX__ conftest.c >&5
configure:5802: $? = 0
configure:5802: result: yes
configure:5802: checking syslog.h presence
configure:5802: arm-linux-gcc -E -O2 -DNDEBUG -D__SS_LINUX__ -D__SS_ARM_LINUX__ conftest.c
configure:5802: $? = 0
configure:5802: result: yes
configure:5802: checking for syslog.h
configure:5802: result: yes
configure:5802: checking for unistd.h
configure:5802: result: yes
configure:5802: checking signal.h usability
configure:5802: arm-linux-gcc -c  -O2 -DNDEBUG -D__SS_LINUX__ -D__SS_ARM_LINUX__  -O2 -DNDEBUG -D__SS_LINUX__ -D__SS_ARM_LINUX__ conftest.c >&5
configure:5802: $? = 0
configure:5802: result: yes
configure:5802: checking signal.h presence
configure:5802: arm-linux-gcc -E -O2 -DNDEBUG -D__SS_LINUX__ -D__SS_ARM_LINUX__ conftest.c
configure:5802: $? = 0
configure:5802: result: yes
configure:5802: checking for signal.h
configure:5802: result: yes
configure:5814: checking for an ANSI C-conforming const
configure:5880: arm-linux-gcc -c  -O2 -DNDEBUG -D__SS_LINUX__ -D__SS_ARM_LINUX__  -O2 -DNDEBUG -D__SS_LINUX__ -D__SS_ARM_LINUX__ conftest.c >&5
configure:5880: $? = 0
configure:5887: result: yes
configure:5895: checking for size_t
configure:5895: arm-linux-gcc -c  -O2 -DNDEBUG -D__SS_LINUX__ -D__SS_ARM_LINUX__  -O2 -DNDEBUG -D__SS_LINUX__ -D__SS_ARM_LINUX__ conftest.c >&5
configure:5895: $? = 0
configure:5895: arm-linux-gcc -c  -O2 -DNDEBUG -D__SS_LINUX__ -D__SS_ARM_LINUX__  -O2 -DNDEBUG -D__SS_LINUX__ -D__SS_ARM_LINUX__ conftest.c >&5
conftest.c: In function 'main':
conftest.c:73: error: expected expression before ')' token
configure:5895: $? = 1
configure: failed program was:
| /* confdefs.h */
| #define PACKAGE_NAME "Iperf"
| #define PACKAGE_TARNAME "iperf"
| #define PACKAGE_VERSION "2.0.9"
| #define PACKAGE_STRING "Iperf 2.0.9"
| #define PACKAGE_BUGREPORT ""
| #define PACKAGE_URL ""
| #define PACKAGE "iperf"
| #define VERSION "2.0.9"
| #define HAVE_LIBRT 1
| #define HAVE_PTHREAD 1
| #define HAVE_POSIX_THREAD 1
| #define _REENTRANT 1
| #define STDC_HEADERS 1
| #define HAVE_SYS_TYPES_H 1
| #define HAVE_SYS_STAT_H 1
| #define HAVE_STDLIB_H 1
| #define HAVE_STRING_H 1
| #define HAVE_MEMORY_H 1
| #define HAVE_STRINGS_H 1
| #define HAVE_INTTYPES_H 1
| #define HAVE_STDINT_H 1
| #define HAVE_UNISTD_H 1
| #define HAVE_ARPA_INET_H 1
| #define HAVE_LIBINTL_H 1
| #define HAVE_NETDB_H 1
| #define HAVE_NETINET_IN_H 1
| #define HAVE_STDLIB_H 1
| #define HAVE_STRING_H 1
| #define HAVE_STRINGS_H 1
| #define HAVE_SYS_SOCKET_H 1
| #define HAVE_SYS_TIME_H 1
| #define HAVE_SYSLOG_H 1
| #define HAVE_UNISTD_H 1
| #define HAVE_SIGNAL_H 1
| /* end confdefs.h.  */
| #include <stdio.h>
| #ifdef HAVE_SYS_TYPES_H
| # include <sys/types.h>
| #endif
| #ifdef HAVE_SYS_STAT_H
| # include <sys/stat.h>
| #endif
| #ifdef STDC_HEADERS
| # include <stdlib.h>
| # include <stddef.h>
| #else
| # ifdef HAVE_STDLIB_H
| #  include <stdlib.h>
| # endif
| #endif
| #ifdef HAVE_STRING_H
| # if !defined STDC_HEADERS && defined HAVE_MEMORY_H
| #  include <memory.h>
| # endif
| # include <string.h>
| #endif
| #ifdef HAVE_STRINGS_H
| # include <strings.h>
| #endif
| #ifdef HAVE_INTTYPES_H
| # include <inttypes.h>
| #endif
| #ifdef HAVE_STDINT_H
| # include <stdint.h>
| #endif
| #ifdef HAVE_UNISTD_H
| # include <unistd.h>
| #endif
| int
| main ()
| {
| if (sizeof ((size_t)))
| 	    return 0;
|   ;
|   return 0;
| }
configure:5895: result: yes
configure:5906: checking for ssize_t
configure:5906: arm-linux-gcc -c  -O2 -DNDEBUG -D__SS_LINUX__ -D__SS_ARM_LINUX__  -O2 -DNDEBUG -D__SS_LINUX__ -D__SS_ARM_LINUX__ conftest.c >&5
configure:5906: $? = 0
configure:5906: arm-linux-gcc -c  -O2 -DNDEBUG -D__SS_LINUX__ -D__SS_ARM_LINUX__  -O2 -DNDEBUG -D__SS_LINUX__ -D__SS_ARM_LINUX__ conftest.c >&5
conftest.c: In function 'main':
conftest.c:73: error: expected expression before ')' token
configure:5906: $? = 1
configure: failed program was:
| /* confdefs.h */
| #define PACKAGE_NAME "Iperf"
| #define PACKAGE_TARNAME "iperf"
| #define PACKAGE_VERSION "2.0.9"
| #define PACKAGE_STRING "Iperf 2.0.9"
| #define PACKAGE_BUGREPORT ""
| #define PACKAGE_URL ""
| #define PACKAGE "iperf"
| #define VERSION "2.0.9"
| #define HAVE_LIBRT 1
| #define HAVE_PTHREAD 1
| #define HAVE_POSIX_THREAD 1
| #define _REENTRANT 1
| #define STDC_HEADERS 1
| #define HAVE_SYS_TYPES_H 1
| #define HAVE_SYS_STAT_H 1
| #define HAVE_STDLIB_H 1
| #define HAVE_STRING_H 1
| #define HAVE_MEMORY_H 1
| #define HAVE_STRINGS_H 1
| #define HAVE_INTTYPES_H 1
| #define HAVE_STDINT_H 1
| #define HAVE_UNISTD_H 1
| #define HAVE_ARPA_INET_H 1
| #define HAVE_LIBINTL_H 1
| #define HAVE_NETDB_H 1
| #define HAVE_NETINET_IN_H 1
| #define HAVE_STDLIB_H 1
| #define HAVE_STRING_H 1
| #define HAVE_STRINGS_H 1
| #define HAVE_SYS_SOCKET_H 1
| #define HAVE_SYS_TIME_H 1
| #define HAVE_SYSLOG_H 1
| #define HAVE_UNISTD_H 1
| #define HAVE_SIGNAL_H 1
| /* end confdefs.h.  */
| #include <stdio.h>
| #ifdef HAVE_SYS_TYPES_H
| # include <sys/types.h>
| #endif
| #ifdef HAVE_SYS_STAT_H
| # include <sys/stat.h>
| #endif
| #ifdef STDC_HEADERS
| # include <stdlib.h>
| # include <stddef.h>
| #else
| # ifdef HAVE_STDLIB_H
| #  include <stdlib.h>
| # endif
| #endif
| #ifdef HAVE_STRING_H
| # if !defined STDC_HEADERS && defined HAVE_MEMORY_H
| #  include <memory.h>
| # endif
| # include <string.h>
| #endif
| #ifdef HAVE_STRINGS_H
| # include <strings.h>
| #endif
| #ifdef HAVE_INTTYPES_H
| # include <inttypes.h>
| #endif
| #ifdef HAVE_STDINT_H
| # include <stdint.h>
| #endif
| #ifdef HAVE_UNISTD_H
| # include <unistd.h>
| #endif
| int
| main ()
| {
| if (sizeof ((ssize_t)))
| 	    return 0;
|   ;
|   return 0;
| }
configure:5906: result: yes
configure:5921: checking whether time.h and sys/time.h may both be included
configure:5941: arm-linux-gcc -c  -O2 -DNDEBUG -D__SS_LINUX__ -D__SS_ARM_LINUX__  -O2 -DNDEBUG -D__SS_LINUX__ -D__SS_ARM_LINUX__ conftest.c >&5
configure:5941: $? = 0
configure:5948: result: yes
configure:5956: checking whether struct tm is in sys/time.h or time.h
configure:5976: arm-linux-gcc -c  -O2 -DNDEBUG -D__SS_LINUX__ -D__SS_ARM_LINUX__  -O2 -DNDEBUG -D__SS_LINUX__ -D__SS_ARM_LINUX__ conftest.c >&5
configure:5976: $? = 0
configure:5983: result: time.h
configure:5993: checking for stdint types
configure:6016: arm-linux-gcc -c   conftest.c >&5
configure:6016: $? = 0
configure:6041: result: stdint.h (shortcircuit)
configure:6426: result: make use of stdint.h in include/iperf-int.h (assuming C99 compatible system)
configure:6435: checking 3rd argument of accept
configure:6464: arm-linux-g++ -c  -O2 -DNDEBUG -D__SS_LINUX__ -D__SS_ARM_LINUX__  -O2 -DNDEBUG -D__SS_LINUX__ -D__SS_ARM_LINUX__ conftest.cpp >&5
configure:6464: $? = 0
configure:6627: result: socklen_t
configure:6640: checking for pid_t
configure:6640: arm-linux-gcc -c  -O2 -DNDEBUG -D__SS_LINUX__ -D__SS_ARM_LINUX__  -O2 -DNDEBUG -D__SS_LINUX__ -D__SS_ARM_LINUX__ conftest.c >&5
configure:6640: $? = 0
configure:6640: arm-linux-gcc -c  -O2 -DNDEBUG -D__SS_LINUX__ -D__SS_ARM_LINUX__  -O2 -DNDEBUG -D__SS_LINUX__ -D__SS_ARM_LINUX__ conftest.c >&5
conftest.c: In function 'main':
conftest.c:76: error: expected expression before ')' token
configure:6640: $? = 1
configure: failed program was:
| /* confdefs.h */
| #define PACKAGE_NAME "Iperf"
| #define PACKAGE_TARNAME "iperf"
| #define PACKAGE_VERSION "2.0.9"
| #define PACKAGE_STRING "Iperf 2.0.9"
| #define PACKAGE_BUGREPORT ""
| #define PACKAGE_URL ""
| #define PACKAGE "iperf"
| #define VERSION "2.0.9"
| #define HAVE_LIBRT 1
| #define HAVE_PTHREAD 1
| #define HAVE_POSIX_THREAD 1
| #define _REENTRANT 1
| #define STDC_HEADERS 1
| #define HAVE_SYS_TYPES_H 1
| #define HAVE_SYS_STAT_H 1
| #define HAVE_STDLIB_H 1
| #define HAVE_STRING_H 1
| #define HAVE_MEMORY_H 1
| #define HAVE_STRINGS_H 1
| #define HAVE_INTTYPES_H 1
| #define HAVE_STDINT_H 1
| #define HAVE_UNISTD_H 1
| #define HAVE_ARPA_INET_H 1
| #define HAVE_LIBINTL_H 1
| #define HAVE_NETDB_H 1
| #define HAVE_NETINET_IN_H 1
| #define HAVE_STDLIB_H 1
| #define HAVE_STRING_H 1
| #define HAVE_STRINGS_H 1
| #define HAVE_SYS_SOCKET_H 1
| #define HAVE_SYS_TIME_H 1
| #define HAVE_SYSLOG_H 1
| #define HAVE_UNISTD_H 1
| #define HAVE_SIGNAL_H 1
| #define HAVE_SSIZE_T 1
| #define TIME_WITH_SYS_TIME 1
| #define Socklen_t socklen_t
| /* end confdefs.h.  */
| #include <stdio.h>
| #ifdef HAVE_SYS_TYPES_H
| # include <sys/types.h>
| #endif
| #ifdef HAVE_SYS_STAT_H
| # include <sys/stat.h>
| #endif
| #ifdef STDC_HEADERS
| # include <stdlib.h>
| # include <stddef.h>
| #else
| # ifdef HAVE_STDLIB_H
| #  include <stdlib.h>
| # endif
| #endif
| #ifdef HAVE_STRING_H
| # if !defined STDC_HEADERS && defined HAVE_MEMORY_H
| #  include <memory.h>
| # endif
| # include <string.h>
| #endif
| #ifdef HAVE_STRINGS_H
| # include <strings.h>
| #endif
| #ifdef HAVE_INTTYPES_H
| # include <inttypes.h>
| #endif
| #ifdef HAVE_STDINT_H
| # include <stdint.h>
| #endif
| #ifdef HAVE_UNISTD_H
| # include <unistd.h>
| #endif
| int
| main ()
| {
| if (sizeof ((pid_t)))
| 	    return 0;
|   ;
|   return 0;
| }
configure:6640: result: yes
configure:6653: checking vfork.h usability
configure:6653: arm-linux-gcc -c  -O2 -DNDEBUG -D__SS_LINUX__ -D__SS_ARM_LINUX__  -O2 -DNDEBUG -D__SS_LINUX__ -D__SS_ARM_LINUX__ conftest.c >&5
conftest.c:73:19: error: vfork.h: No such file or directory
configure:6653: $? = 1
configure: failed program was:
| /* confdefs.h */
| #define PACKAGE_NAME "Iperf"
| #define PACKAGE_TARNAME "iperf"
| #define PACKAGE_VERSION "2.0.9"
| #define PACKAGE_STRING "Iperf 2.0.9"
| #define PACKAGE_BUGREPORT ""
| #define PACKAGE_URL ""
| #define PACKAGE "iperf"
| #define VERSION "2.0.9"
| #define HAVE_LIBRT 1
| #define HAVE_PTHREAD 1
| #define HAVE_POSIX_THREAD 1
| #define _REENTRANT 1
| #define STDC_HEADERS 1
| #define HAVE_SYS_TYPES_H 1
| #define HAVE_SYS_STAT_H 1
| #define HAVE_STDLIB_H 1
| #define HAVE_STRING_H 1
| #define HAVE_MEMORY_H 1
| #define HAVE_STRINGS_H 1
| #define HAVE_INTTYPES_H 1
| #define HAVE_STDINT_H 1
| #define HAVE_UNISTD_H 1
| #define HAVE_ARPA_INET_H 1
| #define HAVE_LIBINTL_H 1
| #define HAVE_NETDB_H 1
| #define HAVE_NETINET_IN_H 1
| #define HAVE_STDLIB_H 1
| #define HAVE_STRING_H 1
| #define HAVE_STRINGS_H 1
| #define HAVE_SYS_SOCKET_H 1
| #define HAVE_SYS_TIME_H 1
| #define HAVE_SYSLOG_H 1
| #define HAVE_UNISTD_H 1
| #define HAVE_SIGNAL_H 1
| #define HAVE_SSIZE_T 1
| #define TIME_WITH_SYS_TIME 1
| #define Socklen_t socklen_t
| /* end confdefs.h.  */
| #include <stdio.h>
| #ifdef HAVE_SYS_TYPES_H
| # include <sys/types.h>
| #endif
| #ifdef HAVE_SYS_STAT_H
| # include <sys/stat.h>
| #endif
| #ifdef STDC_HEADERS
| # include <stdlib.h>
| # include <stddef.h>
| #else
| # ifdef HAVE_STDLIB_H
| #  include <stdlib.h>
| # endif
| #endif
| #ifdef HAVE_STRING_H
| # if !defined STDC_HEADERS && defined HAVE_MEMORY_H
| #  include <memory.h>
| # endif
| # include <string.h>
| #endif
| #ifdef HAVE_STRINGS_H
| # include <strings.h>
| #endif
| #ifdef HAVE_INTTYPES_H
| # include <inttypes.h>
| #endif
| #ifdef HAVE_STDINT_H
| # include <stdint.h>
| #endif
| #ifdef HAVE_UNISTD_H
| # include <unistd.h>
| #endif
| #include <vfork.h>
configure:6653: result: no
configure:6653: checking vfork.h presence
configure:6653: arm-linux-gcc -E -O2 -DNDEBUG -D__SS_LINUX__ -D__SS_ARM_LINUX__ conftest.c
conftest.c:40:19: error: vfork.h: No such file or directory
configure:6653: $? = 1
configure: failed program was:
| /* confdefs.h */
| #define PACKAGE_NAME "Iperf"
| #define PACKAGE_TARNAME "iperf"
| #define PACKAGE_VERSION "2.0.9"
| #define PACKAGE_STRING "Iperf 2.0.9"
| #define PACKAGE_BUGREPORT ""
| #define PACKAGE_URL ""
| #define PACKAGE "iperf"
| #define VERSION "2.0.9"
| #define HAVE_LIBRT 1
| #define HAVE_PTHREAD 1
| #define HAVE_POSIX_THREAD 1
| #define _REENTRANT 1
| #define STDC_HEADERS 1
| #define HAVE_SYS_TYPES_H 1
| #define HAVE_SYS_STAT_H 1
| #define HAVE_STDLIB_H 1
| #define HAVE_STRING_H 1
| #define HAVE_MEMORY_H 1
| #define HAVE_STRINGS_H 1
| #define HAVE_INTTYPES_H 1
| #define HAVE_STDINT_H 1
| #define HAVE_UNISTD_H 1
| #define HAVE_ARPA_INET_H 1
| #define HAVE_LIBINTL_H 1
| #define HAVE_NETDB_H 1
| #define HAVE_NETINET_IN_H 1
| #define HAVE_STDLIB_H 1
| #define HAVE_STRING_H 1
| #define HAVE_STRINGS_H 1
| #define HAVE_SYS_SOCKET_H 1
| #define HAVE_SYS_TIME_H 1
| #define HAVE_SYSLOG_H 1
| #define HAVE_UNISTD_H 1
| #define HAVE_SIGNAL_H 1
| #define HAVE_SSIZE_T 1
| #define TIME_WITH_SYS_TIME 1
| #define Socklen_t socklen_t
| /* end confdefs.h.  */
| #include <vfork.h>
configure:6653: result: no
configure:6653: checking for vfork.h
configure:6653: result: no
configure:6666: checking for fork
configure:6666: arm-linux-gcc -o conftest  -O2 -DNDEBUG -D__SS_LINUX__ -D__SS_ARM_LINUX__  -O2 -DNDEBUG -D__SS_LINUX__ -D__SS_ARM_LINUX__  conftest.c -lrt  >&5
conftest.c:63: warning: conflicting types for built-in function 'fork'
configure:6666: $? = 0
configure:6666: result: yes
configure:6666: checking for vfork
configure:6666: arm-linux-gcc -o conftest  -O2 -DNDEBUG -D__SS_LINUX__ -D__SS_ARM_LINUX__  -O2 -DNDEBUG -D__SS_LINUX__ -D__SS_ARM_LINUX__  conftest.c -lrt  >&5
configure:6666: $? = 0
configure:6666: result: yes
configure:6676: checking for working fork
configure:6708: result: cross
configure:6724: WARNING: result yes guessed because of cross compilation
configure:6729: checking for working vfork
configure:6839: result: yes
configure:6864: checking for working memcmp
configure:6917: result: no
configure:6929: checking sys/select.h usability
configure:6929: arm-linux-gcc -c  -O2 -DNDEBUG -D__SS_LINUX__ -D__SS_ARM_LINUX__  -O2 -DNDEBUG -D__SS_LINUX__ -D__SS_ARM_LINUX__ conftest.c >&5
configure:6929: $? = 0
configure:6929: result: yes
configure:6929: checking sys/select.h presence
configure:6929: arm-linux-gcc -E -O2 -DNDEBUG -D__SS_LINUX__ -D__SS_ARM_LINUX__ conftest.c
configure:6929: $? = 0
configure:6929: result: yes
configure:6929: checking for sys/select.h
configure:6929: result: yes
configure:6929: checking for sys/socket.h
configure:6929: result: yes
configure:6939: checking types of arguments for select
configure:6967: arm-linux-gcc -c  -O2 -DNDEBUG -D__SS_LINUX__ -D__SS_ARM_LINUX__  -O2 -DNDEBUG -D__SS_LINUX__ -D__SS_ARM_LINUX__ conftest.c >&5
configure:6967: $? = 0
configure:6978: result: int,fd_set *,struct timeval *
configure:7001: checking return type of signal handlers
configure:7019: arm-linux-gcc -c  -O2 -DNDEBUG -D__SS_LINUX__ -D__SS_ARM_LINUX__  -O2 -DNDEBUG -D__SS_LINUX__ -D__SS_ARM_LINUX__ conftest.c >&5
conftest.c: In function 'main':
conftest.c:55: error: void value not ignored as it ought to be
configure:7019: $? = 1
configure: failed program was:
| /* confdefs.h */
| #define PACKAGE_NAME "Iperf"
| #define PACKAGE_TARNAME "iperf"
| #define PACKAGE_VERSION "2.0.9"
| #define PACKAGE_STRING "Iperf 2.0.9"
| #define PACKAGE_BUGREPORT ""
| #define PACKAGE_URL ""
| #define PACKAGE "iperf"
| #define VERSION "2.0.9"
| #define HAVE_LIBRT 1
| #define HAVE_PTHREAD 1
| #define HAVE_POSIX_THREAD 1
| #define _REENTRANT 1
| #define STDC_HEADERS 1
| #define HAVE_SYS_TYPES_H 1
| #define HAVE_SYS_STAT_H 1
| #define HAVE_STDLIB_H 1
| #define HAVE_STRING_H 1
| #define HAVE_MEMORY_H 1
| #define HAVE_STRINGS_H 1
| #define HAVE_INTTYPES_H 1
| #define HAVE_STDINT_H 1
| #define HAVE_UNISTD_H 1
| #define HAVE_ARPA_INET_H 1
| #define HAVE_LIBINTL_H 1
| #define HAVE_NETDB_H 1
| #define HAVE_NETINET_IN_H 1
| #define HAVE_STDLIB_H 1
| #define HAVE_STRING_H 1
| #define HAVE_STRINGS_H 1
| #define HAVE_SYS_SOCKET_H 1
| #define HAVE_SYS_TIME_H 1
| #define HAVE_SYSLOG_H 1
| #define HAVE_UNISTD_H 1
| #define HAVE_SIGNAL_H 1
| #define HAVE_SSIZE_T 1
| #define TIME_WITH_SYS_TIME 1
| #define Socklen_t socklen_t
| #define HAVE_FORK 1
| #define HAVE_VFORK 1
| #define HAVE_WORKING_VFORK 1
| #define HAVE_WORKING_FORK 1
| #define HAVE_SYS_SELECT_H 1
| #define HAVE_SYS_SOCKET_H 1
| #define SELECT_TYPE_ARG1 int
| #define SELECT_TYPE_ARG234 (fd_set *)
| #define SELECT_TYPE_ARG5 (struct timeval *)
| /* end confdefs.h.  */
| #include <sys/types.h>
| #include <signal.h>
| 
| int
| main ()
| {
| return *(signal (0, 0)) (0) == 1;
|   ;
|   return 0;
| }
configure:7026: result: void
configure:7036: checking for strftime
configure:7036: arm-linux-gcc -o conftest  -O2 -DNDEBUG -D__SS_LINUX__ -D__SS_ARM_LINUX__  -O2 -DNDEBUG -D__SS_LINUX__ -D__SS_ARM_LINUX__  conftest.c -lrt  >&5
conftest.c:73: warning: conflicting types for built-in function 'strftime'
configure:7036: $? = 0
configure:7036: result: yes
configure:7091: checking for vprintf
configure:7091: arm-linux-gcc -o conftest  -O2 -DNDEBUG -D__SS_LINUX__ -D__SS_ARM_LINUX__  -O2 -DNDEBUG -D__SS_LINUX__ -D__SS_ARM_LINUX__  conftest.c -lrt  >&5
conftest.c:74: warning: conflicting types for built-in function 'vprintf'
configure:7091: $? = 0
configure:7091: result: yes
configure:7097: checking for _doprnt
configure:7097: arm-linux-gcc -o conftest  -O2 -DNDEBUG -D__SS_LINUX__ -D__SS_ARM_LINUX__  -O2 -DNDEBUG -D__SS_LINUX__ -D__SS_ARM_LINUX__  conftest.c -lrt  >&5
/tmp/ccSlRpPN.o: In function `main':
conftest.c:(.text+0x8): undefined reference to `_doprnt'
collect2: ld returned 1 exit status
configure:7097: $? = 1
configure: failed program was:
| /* confdefs.h */
| #define PACKAGE_NAME "Iperf"
| #define PACKAGE_TARNAME "iperf"
| #define PACKAGE_VERSION "2.0.9"
| #define PACKAGE_STRING "Iperf 2.0.9"
| #define PACKAGE_BUGREPORT ""
| #define PACKAGE_URL ""
| #define PACKAGE "iperf"
| #define VERSION "2.0.9"
| #define HAVE_LIBRT 1
| #define HAVE_PTHREAD 1
| #define HAVE_POSIX_THREAD 1
| #define _REENTRANT 1
| #define STDC_HEADERS 1
| #define HAVE_SYS_TYPES_H 1
| #define HAVE_SYS_STAT_H 1
| #define HAVE_STDLIB_H 1
| #define HAVE_STRING_H 1
| #define HAVE_MEMORY_H 1
| #define HAVE_STRINGS_H 1
| #define HAVE_INTTYPES_H 1
| #define HAVE_STDINT_H 1
| #define HAVE_UNISTD_H 1
| #define HAVE_ARPA_INET_H 1
| #define HAVE_LIBINTL_H 1
| #define HAVE_NETDB_H 1
| #define HAVE_NETINET_IN_H 1
| #define HAVE_STDLIB_H 1
| #define HAVE_STRING_H 1
| #define HAVE_STRINGS_H 1
| #define HAVE_SYS_SOCKET_H 1
| #define HAVE_SYS_TIME_H 1
| #define HAVE_SYSLOG_H 1
| #define HAVE_UNISTD_H 1
| #define HAVE_SIGNAL_H 1
| #define HAVE_SSIZE_T 1
| #define TIME_WITH_SYS_TIME 1
| #define Socklen_t socklen_t
| #define HAVE_FORK 1
| #define HAVE_VFORK 1
| #define HAVE_WORKING_VFORK 1
| #define HAVE_WORKING_FORK 1
| #define HAVE_SYS_SELECT_H 1
| #define HAVE_SYS_SOCKET_H 1
| #define SELECT_TYPE_ARG1 int
| #define SELECT_TYPE_ARG234 (fd_set *)
| #define SELECT_TYPE_ARG5 (struct timeval *)
| #define RETSIGTYPE void
| #define HAVE_STRFTIME 1
| #define HAVE_VPRINTF 1
| /* end confdefs.h.  */
| /* Define _doprnt to an innocuous variant, in case <limits.h> declares _doprnt.
|    For example, HP-UX 11i <limits.h> declares gettimeofday.  */
| #define _doprnt innocuous__doprnt
| 
| /* System header to define __stub macros and hopefully few prototypes,
|     which can conflict with char _doprnt (); below.
|     Prefer <limits.h> to <assert.h> if __STDC__ is defined, since
|     <limits.h> exists even on freestanding compilers.  */
| 
| #ifdef __STDC__
| # include <limits.h>
| #else
| # include <assert.h>
| #endif
| 
| #undef _doprnt
| 
| /* Override any GCC internal prototype to avoid an error.
|    Use char because int might match the return type of a GCC
|    builtin and then its argument prototype would still apply.  */
| #ifdef __cplusplus
| extern "C"
| #endif
| char _doprnt ();
| /* The GNU C library defines this for functions which it implements
|     to always fail with ENOSYS.  Some functions are actually named
|     something starting with __ and the normal name is an alias.  */
| #if defined __stub__doprnt || defined __stub____doprnt
| choke me
| #endif
| 
| int
| main ()
| {
| return _doprnt ();
|   ;
|   return 0;
| }
configure:7097: result: no
configure:7111: checking for atexit
configure:7111: arm-linux-gcc -o conftest  -O2 -DNDEBUG -D__SS_LINUX__ -D__SS_ARM_LINUX__  -O2 -DNDEBUG -D__SS_LINUX__ -D__SS_ARM_LINUX__  conftest.c -lrt  >&5
configure:7111: $? = 0
configure:7111: result: yes
configure:7111: checking for memset
configure:7111: arm-linux-gcc -o conftest  -O2 -DNDEBUG -D__SS_LINUX__ -D__SS_ARM_LINUX__  -O2 -DNDEBUG -D__SS_LINUX__ -D__SS_ARM_LINUX__  conftest.c -lrt  >&5
conftest.c:76: warning: conflicting types for built-in function 'memset'
configure:7111: $? = 0
configure:7111: result: yes
configure:7111: checking for pthread_cancel
configure:7111: arm-linux-gcc -o conftest  -O2 -DNDEBUG -D__SS_LINUX__ -D__SS_ARM_LINUX__  -O2 -DNDEBUG -D__SS_LINUX__ -D__SS_ARM_LINUX__  conftest.c -lrt  >&5
configure:7111: $? = 0
configure:7111: result: yes
configure:7111: checking for select
configure:7111: arm-linux-gcc -o conftest  -O2 -DNDEBUG -D__SS_LINUX__ -D__SS_ARM_LINUX__  -O2 -DNDEBUG -D__SS_LINUX__ -D__SS_ARM_LINUX__  conftest.c -lrt  >&5
configure:7111: $? = 0
configure:7111: result: yes
configure:7111: checking for strchr
configure:7111: arm-linux-gcc -o conftest  -O2 -DNDEBUG -D__SS_LINUX__ -D__SS_ARM_LINUX__  -O2 -DNDEBUG -D__SS_LINUX__ -D__SS_ARM_LINUX__  conftest.c -lrt  >&5
conftest.c:79: warning: conflicting types for built-in function 'strchr'
configure:7111: $? = 0
configure:7111: result: yes
configure:7111: checking for strerror
configure:7111: arm-linux-gcc -o conftest  -O2 -DNDEBUG -D__SS_LINUX__ -D__SS_ARM_LINUX__  -O2 -DNDEBUG -D__SS_LINUX__ -D__SS_ARM_LINUX__  conftest.c -lrt  >&5
configure:7111: $? = 0
configure:7111: result: yes
configure:7111: checking for strtol
configure:7111: arm-linux-gcc -o conftest  -O2 -DNDEBUG -D__SS_LINUX__ -D__SS_ARM_LINUX__  -O2 -DNDEBUG -D__SS_LINUX__ -D__SS_ARM_LINUX__  conftest.c -lrt  >&5
configure:7111: $? = 0
configure:7111: result: yes
configure:7111: checking for usleep
configure:7111: arm-linux-gcc -o conftest  -O2 -DNDEBUG -D__SS_LINUX__ -D__SS_ARM_LINUX__  -O2 -DNDEBUG -D__SS_LINUX__ -D__SS_ARM_LINUX__  conftest.c -lrt  >&5
configure:7111: $? = 0
configure:7111: result: yes
configure:7111: checking for clock_gettime
configure:7111: arm-linux-gcc -o conftest  -O2 -DNDEBUG -D__SS_LINUX__ -D__SS_ARM_LINUX__  -O2 -DNDEBUG -D__SS_LINUX__ -D__SS_ARM_LINUX__  conftest.c -lrt  >&5
configure:7111: $? = 0
configure:7111: result: yes
configure:7111: checking for sched_setscheduler
configure:7111: arm-linux-gcc -o conftest  -O2 -DNDEBUG -D__SS_LINUX__ -D__SS_ARM_LINUX__  -O2 -DNDEBUG -D__SS_LINUX__ -D__SS_ARM_LINUX__  conftest.c -lrt  >&5
configure:7111: $? = 0
configure:7111: result: yes
configure:7111: checking for mlockall
configure:7111: arm-linux-gcc -o conftest  -O2 -DNDEBUG -D__SS_LINUX__ -D__SS_ARM_LINUX__  -O2 -DNDEBUG -D__SS_LINUX__ -D__SS_ARM_LINUX__  conftest.c -lrt  >&5
configure:7111: $? = 0
configure:7111: result: yes
configure:7111: checking for setitimer
configure:7111: arm-linux-gcc -o conftest  -O2 -DNDEBUG -D__SS_LINUX__ -D__SS_ARM_LINUX__  -O2 -DNDEBUG -D__SS_LINUX__ -D__SS_ARM_LINUX__  conftest.c -lrt  >&5
configure:7111: $? = 0
configure:7111: result: yes
configure:7111: checking for nanosleep
configure:7111: arm-linux-gcc -o conftest  -O2 -DNDEBUG -D__SS_LINUX__ -D__SS_ARM_LINUX__  -O2 -DNDEBUG -D__SS_LINUX__ -D__SS_ARM_LINUX__  conftest.c -lrt  >&5
configure:7111: $? = 0
configure:7111: result: yes
configure:7120: checking for snprintf
configure:7120: arm-linux-gcc -o conftest  -O2 -DNDEBUG -D__SS_LINUX__ -D__SS_ARM_LINUX__  -O2 -DNDEBUG -D__SS_LINUX__ -D__SS_ARM_LINUX__  conftest.c -lrt  >&5
conftest.c:88: warning: conflicting types for built-in function 'snprintf'
configure:7120: $? = 0
configure:7120: result: yes
configure:7133: checking for inet_pton
configure:7133: arm-linux-gcc -o conftest  -O2 -DNDEBUG -D__SS_LINUX__ -D__SS_ARM_LINUX__  -O2 -DNDEBUG -D__SS_LINUX__ -D__SS_ARM_LINUX__  conftest.c -lrt  >&5
configure:7133: $? = 0
configure:7133: result: yes
configure:7146: checking for inet_ntop
configure:7146: arm-linux-gcc -o conftest  -O2 -DNDEBUG -D__SS_LINUX__ -D__SS_ARM_LINUX__  -O2 -DNDEBUG -D__SS_LINUX__ -D__SS_ARM_LINUX__  conftest.c -lrt  >&5
configure:7146: $? = 0
configure:7146: result: yes
configure:7159: checking for gettimeofday
configure:7159: arm-linux-gcc -o conftest  -O2 -DNDEBUG -D__SS_LINUX__ -D__SS_ARM_LINUX__  -O2 -DNDEBUG -D__SS_LINUX__ -D__SS_ARM_LINUX__  conftest.c -lrt  >&5
configure:7159: $? = 0
configure:7159: result: yes
configure:7173: checking whether ENOBUFS is declared
configure:7173: arm-linux-gcc -c  -O2 -DNDEBUG -D__SS_LINUX__ -D__SS_ARM_LINUX__  -O2 -DNDEBUG -D__SS_LINUX__ -D__SS_ARM_LINUX__ conftest.c >&5
configure:7173: $? = 0
configure:7173: result: yes
configure:7184: checking whether EWOULDBLOCK is declared
configure:7184: arm-linux-gcc -c  -O2 -DNDEBUG -D__SS_LINUX__ -D__SS_ARM_LINUX__  -O2 -DNDEBUG -D__SS_LINUX__ -D__SS_ARM_LINUX__ conftest.c >&5
configure:7184: $? = 0
configure:7184: result: yes
configure:7196: checking whether SO_TIMESTAMP is declared
configure:7196: arm-linux-gcc -c  -O2 -DNDEBUG -D__SS_LINUX__ -D__SS_ARM_LINUX__  -O2 -DNDEBUG -D__SS_LINUX__ -D__SS_ARM_LINUX__ conftest.c >&5
configure:7196: $? = 0
configure:7196: result: yes
configure:7207: checking whether SO_SNDTIMEO is declared
configure:7207: arm-linux-gcc -c  -O2 -DNDEBUG -D__SS_LINUX__ -D__SS_ARM_LINUX__  -O2 -DNDEBUG -D__SS_LINUX__ -D__SS_ARM_LINUX__ conftest.c >&5
configure:7207: $? = 0
configure:7207: result: yes
configure:7219: checking whether CPU_SET is declared
configure:7219: arm-linux-gcc -c  -O2 -DNDEBUG -D__SS_LINUX__ -D__SS_ARM_LINUX__  -O2 -DNDEBUG -D__SS_LINUX__ -D__SS_ARM_LINUX__ conftest.c >&5
configure:7219: $? = 0
configure:7219: result: yes
configure:7234: checking whether SIGALRM is declared
configure:7234: arm-linux-gcc -c  -O2 -DNDEBUG -D__SS_LINUX__ -D__SS_ARM_LINUX__  -O2 -DNDEBUG -D__SS_LINUX__ -D__SS_ARM_LINUX__ conftest.c >&5
configure:7234: $? = 0
configure:7234: result: yes
configure:7246: checking for struct tcp_info.tcpi_total_retrans
configure:7246: arm-linux-gcc -c  -O2 -DNDEBUG -D__SS_LINUX__ -D__SS_ARM_LINUX__  -O2 -DNDEBUG -D__SS_LINUX__ -D__SS_ARM_LINUX__ conftest.c >&5
conftest.c: In function 'main':
conftest.c:81: error: 'struct tcp_info' has no member named 'tcpi_total_retrans'
configure:7246: $? = 1
configure: failed program was:
| /* confdefs.h */
| #define PACKAGE_NAME "Iperf"
| #define PACKAGE_TARNAME "iperf"
| #define PACKAGE_VERSION "2.0.9"
| #define PACKAGE_STRING "Iperf 2.0.9"
| #define PACKAGE_BUGREPORT ""
| #define PACKAGE_URL ""
| #define PACKAGE "iperf"
| #define VERSION "2.0.9"
| #define HAVE_LIBRT 1
| #define HAVE_PTHREAD 1
| #define HAVE_POSIX_THREAD 1
| #define _REENTRANT 1
| #define STDC_HEADERS 1
| #define HAVE_SYS_TYPES_H 1
| #define HAVE_SYS_STAT_H 1
| #define HAVE_STDLIB_H 1
| #define HAVE_STRING_H 1
| #define HAVE_MEMORY_H 1
| #define HAVE_STRINGS_H 1
| #define HAVE_INTTYPES_H 1
| #define HAVE_STDINT_H 1
| #define HAVE_UNISTD_H 1
| #define HAVE_ARPA_INET_H 1
| #define HAVE_LIBINTL_H 1
| #define HAVE_NETDB_H 1
| #define HAVE_NETINET_IN_H 1
| #define HAVE_STDLIB_H 1
| #define HAVE_STRING_H 1
| #define HAVE_STRINGS_H 1
| #define HAVE_SYS_SOCKET_H 1
| #define HAVE_SYS_TIME_H 1
| #define HAVE_SYSLOG_H 1
| #define HAVE_UNISTD_H 1
| #define HAVE_SIGNAL_H 1
| #define HAVE_SSIZE_T 1
| #define TIME_WITH_SYS_TIME 1
| #define Socklen_t socklen_t
| #define HAVE_FORK 1
| #define HAVE_VFORK 1
| #define HAVE_WORKING_VFORK 1
| #define HAVE_WORKING_FORK 1
| #define HAVE_SYS_SELECT_H 1
| #define HAVE_SYS_SOCKET_H 1
| #define SELECT_TYPE_ARG1 int
| #define SELECT_TYPE_ARG234 (fd_set *)
| #define SELECT_TYPE_ARG5 (struct timeval *)
| #define RETSIGTYPE void
| #define HAVE_STRFTIME 1
| #define HAVE_VPRINTF 1
| #define HAVE_ATEXIT 1
| #define HAVE_MEMSET 1
| #define HAVE_PTHREAD_CANCEL 1
| #define HAVE_SELECT 1
| #define HAVE_STRCHR 1
| #define HAVE_STRERROR 1
| #define HAVE_STRTOL 1
| #define HAVE_USLEEP 1
| #define HAVE_CLOCK_GETTIME 1
| #define HAVE_SCHED_SETSCHEDULER 1
| #define HAVE_MLOCKALL 1
| #define HAVE_SETITIMER 1
| #define HAVE_NANOSLEEP 1
| #define HAVE_SNPRINTF 1
| #define HAVE_INET_PTON 1
| #define HAVE_INET_NTOP 1
| #define HAVE_GETTIMEOFDAY 1
| #define HAVE_DECL_ENOBUFS 1
| #define HAVE_DECL_EWOULDBLOCK 1
| #define HAVE_DECL_SO_TIMESTAMP 1
| #define HAVE_DECL_SO_SNDTIMEO 1
| #define HAVE_DECL_CPU_SET 1
| #define HAVE_DECL_SIGALRM 1
| /* end confdefs.h.  */
| #include <netinet/tcp.h>
| 
| int
| main ()
| {
| static struct tcp_info ac_aggr;
| if (ac_aggr.tcpi_total_retrans)
| return 0;
|   ;
|   return 0;
| }
configure:7246: arm-linux-gcc -c  -O2 -DNDEBUG -D__SS_LINUX__ -D__SS_ARM_LINUX__  -O2 -DNDEBUG -D__SS_LINUX__ -D__SS_ARM_LINUX__ conftest.c >&5
conftest.c: In function 'main':
conftest.c:81: error: 'struct tcp_info' has no member named 'tcpi_total_retrans'
configure:7246: $? = 1
configure: failed program was:
| /* confdefs.h */
| #define PACKAGE_NAME "Iperf"
| #define PACKAGE_TARNAME "iperf"
| #define PACKAGE_VERSION "2.0.9"
| #define PACKAGE_STRING "Iperf 2.0.9"
| #define PACKAGE_BUGREPORT ""
| #define PACKAGE_URL ""
| #define PACKAGE "iperf"
| #define VERSION "2.0.9"
| #define HAVE_LIBRT 1
| #define HAVE_PTHREAD 1
| #define HAVE_POSIX_THREAD 1
| #define _REENTRANT 1
| #define STDC_HEADERS 1
| #define HAVE_SYS_TYPES_H 1
| #define HAVE_SYS_STAT_H 1
| #define HAVE_STDLIB_H 1
| #define HAVE_STRING_H 1
| #define HAVE_MEMORY_H 1
| #define HAVE_STRINGS_H 1
| #define HAVE_INTTYPES_H 1
| #define HAVE_STDINT_H 1
| #define HAVE_UNISTD_H 1
| #define HAVE_ARPA_INET_H 1
| #define HAVE_LIBINTL_H 1
| #define HAVE_NETDB_H 1
| #define HAVE_NETINET_IN_H 1
| #define HAVE_STDLIB_H 1
| #define HAVE_STRING_H 1
| #define HAVE_STRINGS_H 1
| #define HAVE_SYS_SOCKET_H 1
| #define HAVE_SYS_TIME_H 1
| #define HAVE_SYSLOG_H 1
| #define HAVE_UNISTD_H 1
| #define HAVE_SIGNAL_H 1
| #define HAVE_SSIZE_T 1
| #define TIME_WITH_SYS_TIME 1
| #define Socklen_t socklen_t
| #define HAVE_FORK 1
| #define HAVE_VFORK 1
| #define HAVE_WORKING_VFORK 1
| #define HAVE_WORKING_FORK 1
| #define HAVE_SYS_SELECT_H 1
| #define HAVE_SYS_SOCKET_H 1
| #define SELECT_TYPE_ARG1 int
| #define SELECT_TYPE_ARG234 (fd_set *)
| #define SELECT_TYPE_ARG5 (struct timeval *)
| #define RETSIGTYPE void
| #define HAVE_STRFTIME 1
| #define HAVE_VPRINTF 1
| #define HAVE_ATEXIT 1
| #define HAVE_MEMSET 1
| #define HAVE_PTHREAD_CANCEL 1
| #define HAVE_SELECT 1
| #define HAVE_STRCHR 1
| #define HAVE_STRERROR 1
| #define HAVE_STRTOL 1
| #define HAVE_USLEEP 1
| #define HAVE_CLOCK_GETTIME 1
| #define HAVE_SCHED_SETSCHEDULER 1
| #define HAVE_MLOCKALL 1
| #define HAVE_SETITIMER 1
| #define HAVE_NANOSLEEP 1
| #define HAVE_SNPRINTF 1
| #define HAVE_INET_PTON 1
| #define HAVE_INET_NTOP 1
| #define HAVE_GETTIMEOFDAY 1
| #define HAVE_DECL_ENOBUFS 1
| #define HAVE_DECL_EWOULDBLOCK 1
| #define HAVE_DECL_SO_TIMESTAMP 1
| #define HAVE_DECL_SO_SNDTIMEO 1
| #define HAVE_DECL_CPU_SET 1
| #define HAVE_DECL_SIGALRM 1
| /* end confdefs.h.  */
| #include <netinet/tcp.h>
| 
| int
| main ()
| {
| static struct tcp_info ac_aggr;
| if (sizeof ac_aggr.tcpi_total_retrans)
| return 0;
|   ;
|   return 0;
| }
configure:7246: result: no
configure:7263: checking *printf() support for %lld
configure:7298: checking *printf() support for %qd
configure:7346: checking size of bool
configure:7351: arm-linux-gcc -c  -O2 -DNDEBUG -D__SS_LINUX__ -D__SS_ARM_LINUX__  -O2 -DNDEBUG -D__SS_LINUX__ -D__SS_ARM_LINUX__ conftest.c >&5
conftest.c: In function 'main':
conftest.c:111: error: 'bool' undeclared (first use in this function)
conftest.c:111: error: (Each undeclared identifier is reported only once
conftest.c:111: error: for each function it appears in.)
configure:7351: $? = 1
configure: failed program was:
| /* confdefs.h */
| #define PACKAGE_NAME "Iperf"
| #define PACKAGE_TARNAME "iperf"
| #define PACKAGE_VERSION "2.0.9"
| #define PACKAGE_STRING "Iperf 2.0.9"
| #define PACKAGE_BUGREPORT ""
| #define PACKAGE_URL ""
| #define PACKAGE "iperf"
| #define VERSION "2.0.9"
| #define HAVE_LIBRT 1
| #define HAVE_PTHREAD 1
| #define HAVE_POSIX_THREAD 1
| #define _REENTRANT 1
| #define STDC_HEADERS 1
| #define HAVE_SYS_TYPES_H 1
| #define HAVE_SYS_STAT_H 1
| #define HAVE_STDLIB_H 1
| #define HAVE_STRING_H 1
| #define HAVE_MEMORY_H 1
| #define HAVE_STRINGS_H 1
| #define HAVE_INTTYPES_H 1
| #define HAVE_STDINT_H 1
| #define HAVE_UNISTD_H 1
| #define HAVE_ARPA_INET_H 1
| #define HAVE_LIBINTL_H 1
| #define HAVE_NETDB_H 1
| #define HAVE_NETINET_IN_H 1
| #define HAVE_STDLIB_H 1
| #define HAVE_STRING_H 1
| #define HAVE_STRINGS_H 1
| #define HAVE_SYS_SOCKET_H 1
| #define HAVE_SYS_TIME_H 1
| #define HAVE_SYSLOG_H 1
| #define HAVE_UNISTD_H 1
| #define HAVE_SIGNAL_H 1
| #define HAVE_SSIZE_T 1
| #define TIME_WITH_SYS_TIME 1
| #define Socklen_t socklen_t
| #define HAVE_FORK 1
| #define HAVE_VFORK 1
| #define HAVE_WORKING_VFORK 1
| #define HAVE_WORKING_FORK 1
| #define HAVE_SYS_SELECT_H 1
| #define HAVE_SYS_SOCKET_H 1
| #define SELECT_TYPE_ARG1 int
| #define SELECT_TYPE_ARG234 (fd_set *)
| #define SELECT_TYPE_ARG5 (struct timeval *)
| #define RETSIGTYPE void
| #define HAVE_STRFTIME 1
| #define HAVE_VPRINTF 1
| #define HAVE_ATEXIT 1
| #define HAVE_MEMSET 1
| #define HAVE_PTHREAD_CANCEL 1
| #define HAVE_SELECT 1
| #define HAVE_STRCHR 1
| #define HAVE_STRERROR 1
| #define HAVE_STRTOL 1
| #define HAVE_USLEEP 1
| #define HAVE_CLOCK_GETTIME 1
| #define HAVE_SCHED_SETSCHEDULER 1
| #define HAVE_MLOCKALL 1
| #define HAVE_SETITIMER 1
| #define HAVE_NANOSLEEP 1
| #define HAVE_SNPRINTF 1
| #define HAVE_INET_PTON 1
| #define HAVE_INET_NTOP 1
| #define HAVE_GETTIMEOFDAY 1
| #define HAVE_DECL_ENOBUFS 1
| #define HAVE_DECL_EWOULDBLOCK 1
| #define HAVE_DECL_SO_TIMESTAMP 1
| #define HAVE_DECL_SO_SNDTIMEO 1
| #define HAVE_DECL_CPU_SET 1
| #define HAVE_DECL_SIGALRM 1
| /* end confdefs.h.  */
| #include <stdio.h>
| #ifdef HAVE_SYS_TYPES_H
| # include <sys/types.h>
| #endif
| #ifdef HAVE_SYS_STAT_H
| # include <sys/stat.h>
| #endif
| #ifdef STDC_HEADERS
| # include <stdlib.h>
| # include <stddef.h>
| #else
| # ifdef HAVE_STDLIB_H
| #  include <stdlib.h>
| # endif
| #endif
| #ifdef HAVE_STRING_H
| # if !defined STDC_HEADERS && defined HAVE_MEMORY_H
| #  include <memory.h>
| # endif
| # include <string.h>
| #endif
| #ifdef HAVE_STRINGS_H
| # include <strings.h>
| #endif
| #ifdef HAVE_INTTYPES_H
| # include <inttypes.h>
| #endif
| #ifdef HAVE_STDINT_H
| # include <stdint.h>
| #endif
| #ifdef HAVE_UNISTD_H
| # include <unistd.h>
| #endif
| int
| main ()
| {
| static int test_array [1 - 2 * !(((long int) (sizeof (bool))) >= 0)];
| test_array [0] = 0;
| return test_array [0];
| 
|   ;
|   return 0;
| }
configure:7351: arm-linux-gcc -c  -O2 -DNDEBUG -D__SS_LINUX__ -D__SS_ARM_LINUX__  -O2 -DNDEBUG -D__SS_LINUX__ -D__SS_ARM_LINUX__ conftest.c >&5
conftest.c: In function 'main':
conftest.c:111: error: 'bool' undeclared (first use in this function)
conftest.c:111: error: (Each undeclared identifier is reported only once
conftest.c:111: error: for each function it appears in.)
configure:7351: $? = 1
configure: failed program was:
| /* confdefs.h */
| #define PACKAGE_NAME "Iperf"
| #define PACKAGE_TARNAME "iperf"
| #define PACKAGE_VERSION "2.0.9"
| #define PACKAGE_STRING "Iperf 2.0.9"
| #define PACKAGE_BUGREPORT ""
| #define PACKAGE_URL ""
| #define PACKAGE "iperf"
| #define VERSION "2.0.9"
| #define HAVE_LIBRT 1
| #define HAVE_PTHREAD 1
| #define HAVE_POSIX_THREAD 1
| #define _REENTRANT 1
| #define STDC_HEADERS 1
| #define HAVE_SYS_TYPES_H 1
| #define HAVE_SYS_STAT_H 1
| #define HAVE_STDLIB_H 1
| #define HAVE_STRING_H 1
| #define HAVE_MEMORY_H 1
| #define HAVE_STRINGS_H 1
| #define HAVE_INTTYPES_H 1
| #define HAVE_STDINT_H 1
| #define HAVE_UNISTD_H 1
| #define HAVE_ARPA_INET_H 1
| #define HAVE_LIBINTL_H 1
| #define HAVE_NETDB_H 1
| #define HAVE_NETINET_IN_H 1
| #define HAVE_STDLIB_H 1
| #define HAVE_STRING_H 1
| #define HAVE_STRINGS_H 1
| #define HAVE_SYS_SOCKET_H 1
| #define HAVE_SYS_TIME_H 1
| #define HAVE_SYSLOG_H 1
| #define HAVE_UNISTD_H 1
| #define HAVE_SIGNAL_H 1
| #define HAVE_SSIZE_T 1
| #define TIME_WITH_SYS_TIME 1
| #define Socklen_t socklen_t
| #define HAVE_FORK 1
| #define HAVE_VFORK 1
| #define HAVE_WORKING_VFORK 1
| #define HAVE_WORKING_FORK 1
| #define HAVE_SYS_SELECT_H 1
| #define HAVE_SYS_SOCKET_H 1
| #define SELECT_TYPE_ARG1 int
| #define SELECT_TYPE_ARG234 (fd_set *)
| #define SELECT_TYPE_ARG5 (struct timeval *)
| #define RETSIGTYPE void
| #define HAVE_STRFTIME 1
| #define HAVE_VPRINTF 1
| #define HAVE_ATEXIT 1
| #define HAVE_MEMSET 1
| #define HAVE_PTHREAD_CANCEL 1
| #define HAVE_SELECT 1
| #define HAVE_STRCHR 1
| #define HAVE_STRERROR 1
| #define HAVE_STRTOL 1
| #define HAVE_USLEEP 1
| #define HAVE_CLOCK_GETTIME 1
| #define HAVE_SCHED_SETSCHEDULER 1
| #define HAVE_MLOCKALL 1
| #define HAVE_SETITIMER 1
| #define HAVE_NANOSLEEP 1
| #define HAVE_SNPRINTF 1
| #define HAVE_INET_PTON 1
| #define HAVE_INET_NTOP 1
| #define HAVE_GETTIMEOFDAY 1
| #define HAVE_DECL_ENOBUFS 1
| #define HAVE_DECL_EWOULDBLOCK 1
| #define HAVE_DECL_SO_TIMESTAMP 1
| #define HAVE_DECL_SO_SNDTIMEO 1
| #define HAVE_DECL_CPU_SET 1
| #define HAVE_DECL_SIGALRM 1
| /* end confdefs.h.  */
| #include <stdio.h>
| #ifdef HAVE_SYS_TYPES_H
| # include <sys/types.h>
| #endif
| #ifdef HAVE_SYS_STAT_H
| # include <sys/stat.h>
| #endif
| #ifdef STDC_HEADERS
| # include <stdlib.h>
| # include <stddef.h>
| #else
| # ifdef HAVE_STDLIB_H
| #  include <stdlib.h>
| # endif
| #endif
| #ifdef HAVE_STRING_H
| # if !defined STDC_HEADERS && defined HAVE_MEMORY_H
| #  include <memory.h>
| # endif
| # include <string.h>
| #endif
| #ifdef HAVE_STRINGS_H
| # include <strings.h>
| #endif
| #ifdef HAVE_INTTYPES_H
| # include <inttypes.h>
| #endif
| #ifdef HAVE_STDINT_H
| # include <stdint.h>
| #endif
| #ifdef HAVE_UNISTD_H
| # include <unistd.h>
| #endif
| int
| main ()
| {
| static int test_array [1 - 2 * !(((long int) (sizeof (bool))) < 0)];
| test_array [0] = 0;
| return test_array [0];
| 
|   ;
|   return 0;
| }
configure:7365: result: 0
configure:7380: checking if true is defined
configure:7403: arm-linux-g++ -c  -O2 -DNDEBUG -D__SS_LINUX__ -D__SS_ARM_LINUX__  -O2 -DNDEBUG -D__SS_LINUX__ -D__SS_ARM_LINUX__ conftest.cpp >&5
configure:7403: $? = 0
configure:7417: result: yes
configure:7429: checking whether byte ordering is bigendian
configure:7444: arm-linux-gcc -c  -O2 -DNDEBUG -D__SS_LINUX__ -D__SS_ARM_LINUX__  -O2 -DNDEBUG -D__SS_LINUX__ -D__SS_ARM_LINUX__ conftest.c >&5
conftest.c:78: error: expected '=', ',', ';', 'asm' or '__attribute__' before 'a'
configure:7444: $? = 1
configure: failed program was:
| /* confdefs.h */
| #define PACKAGE_NAME "Iperf"
| #define PACKAGE_TARNAME "iperf"
| #define PACKAGE_VERSION "2.0.9"
| #define PACKAGE_STRING "Iperf 2.0.9"
| #define PACKAGE_BUGREPORT ""
| #define PACKAGE_URL ""
| #define PACKAGE "iperf"
| #define VERSION "2.0.9"
| #define HAVE_LIBRT 1
| #define HAVE_PTHREAD 1
| #define HAVE_POSIX_THREAD 1
| #define _REENTRANT 1
| #define STDC_HEADERS 1
| #define HAVE_SYS_TYPES_H 1
| #define HAVE_SYS_STAT_H 1
| #define HAVE_STDLIB_H 1
| #define HAVE_STRING_H 1
| #define HAVE_MEMORY_H 1
| #define HAVE_STRINGS_H 1
| #define HAVE_INTTYPES_H 1
| #define HAVE_STDINT_H 1
| #define HAVE_UNISTD_H 1
| #define HAVE_ARPA_INET_H 1
| #define HAVE_LIBINTL_H 1
| #define HAVE_NETDB_H 1
| #define HAVE_NETINET_IN_H 1
| #define HAVE_STDLIB_H 1
| #define HAVE_STRING_H 1
| #define HAVE_STRINGS_H 1
| #define HAVE_SYS_SOCKET_H 1
| #define HAVE_SYS_TIME_H 1
| #define HAVE_SYSLOG_H 1
| #define HAVE_UNISTD_H 1
| #define HAVE_SIGNAL_H 1
| #define HAVE_SSIZE_T 1
| #define TIME_WITH_SYS_TIME 1
| #define Socklen_t socklen_t
| #define HAVE_FORK 1
| #define HAVE_VFORK 1
| #define HAVE_WORKING_VFORK 1
| #define HAVE_WORKING_FORK 1
| #define HAVE_SYS_SELECT_H 1
| #define HAVE_SYS_SOCKET_H 1
| #define SELECT_TYPE_ARG1 int
| #define SELECT_TYPE_ARG234 (fd_set *)
| #define SELECT_TYPE_ARG5 (struct timeval *)
| #define RETSIGTYPE void
| #define HAVE_STRFTIME 1
| #define HAVE_VPRINTF 1
| #define HAVE_ATEXIT 1
| #define HAVE_MEMSET 1
| #define HAVE_PTHREAD_CANCEL 1
| #define HAVE_SELECT 1
| #define HAVE_STRCHR 1
| #define HAVE_STRERROR 1
| #define HAVE_STRTOL 1
| #define HAVE_USLEEP 1
| #define HAVE_CLOCK_GETTIME 1
| #define HAVE_SCHED_SETSCHEDULER 1
| #define HAVE_MLOCKALL 1
| #define HAVE_SETITIMER 1
| #define HAVE_NANOSLEEP 1
| #define HAVE_SNPRINTF 1
| #define HAVE_INET_PTON 1
| #define HAVE_INET_NTOP 1
| #define HAVE_GETTIMEOFDAY 1
| #define HAVE_DECL_ENOBUFS 1
| #define HAVE_DECL_EWOULDBLOCK 1
| #define HAVE_DECL_SO_TIMESTAMP 1
| #define HAVE_DECL_SO_SNDTIMEO 1
| #define HAVE_DECL_CPU_SET 1
| #define HAVE_DECL_SIGALRM 1
| #define SIZEOF_BOOL 0
| #define bool int
| /* end confdefs.h.  */
| #ifndef __APPLE_CC__
| 	       not a universal capable compiler
| 	     #endif
| 	     typedef int dummy;
| 
configure:7489: arm-linux-gcc -c  -O2 -DNDEBUG -D__SS_LINUX__ -D__SS_ARM_LINUX__  -O2 -DNDEBUG -D__SS_LINUX__ -D__SS_ARM_LINUX__ conftest.c >&5
configure:7489: $? = 0
configure:7507: arm-linux-gcc -c  -O2 -DNDEBUG -D__SS_LINUX__ -D__SS_ARM_LINUX__  -O2 -DNDEBUG -D__SS_LINUX__ -D__SS_ARM_LINUX__ conftest.c >&5
conftest.c: In function 'main':
conftest.c:84: error: 'not' undeclared (first use in this function)
conftest.c:84: error: (Each undeclared identifier is reported only once
conftest.c:84: error: for each function it appears in.)
conftest.c:84: error: expected ';' before 'big'
configure:7507: $? = 1
configure: failed program was:
| /* confdefs.h */
| #define PACKAGE_NAME "Iperf"
| #define PACKAGE_TARNAME "iperf"
| #define PACKAGE_VERSION "2.0.9"
| #define PACKAGE_STRING "Iperf 2.0.9"
| #define PACKAGE_BUGREPORT ""
| #define PACKAGE_URL ""
| #define PACKAGE "iperf"
| #define VERSION "2.0.9"
| #define HAVE_LIBRT 1
| #define HAVE_PTHREAD 1
| #define HAVE_POSIX_THREAD 1
| #define _REENTRANT 1
| #define STDC_HEADERS 1
| #define HAVE_SYS_TYPES_H 1
| #define HAVE_SYS_STAT_H 1
| #define HAVE_STDLIB_H 1
| #define HAVE_STRING_H 1
| #define HAVE_MEMORY_H 1
| #define HAVE_STRINGS_H 1
| #define HAVE_INTTYPES_H 1
| #define HAVE_STDINT_H 1
| #define HAVE_UNISTD_H 1
| #define HAVE_ARPA_INET_H 1
| #define HAVE_LIBINTL_H 1
| #define HAVE_NETDB_H 1
| #define HAVE_NETINET_IN_H 1
| #define HAVE_STDLIB_H 1
| #define HAVE_STRING_H 1
| #define HAVE_STRINGS_H 1
| #define HAVE_SYS_SOCKET_H 1
| #define HAVE_SYS_TIME_H 1
| #define HAVE_SYSLOG_H 1
| #define HAVE_UNISTD_H 1
| #define HAVE_SIGNAL_H 1
| #define HAVE_SSIZE_T 1
| #define TIME_WITH_SYS_TIME 1
| #define Socklen_t socklen_t
| #define HAVE_FORK 1
| #define HAVE_VFORK 1
| #define HAVE_WORKING_VFORK 1
| #define HAVE_WORKING_FORK 1
| #define HAVE_SYS_SELECT_H 1
| #define HAVE_SYS_SOCKET_H 1
| #define SELECT_TYPE_ARG1 int
| #define SELECT_TYPE_ARG234 (fd_set *)
| #define SELECT_TYPE_ARG5 (struct timeval *)
| #define RETSIGTYPE void
| #define HAVE_STRFTIME 1
| #define HAVE_VPRINTF 1
| #define HAVE_ATEXIT 1
| #define HAVE_MEMSET 1
| #define HAVE_PTHREAD_CANCEL 1
| #define HAVE_SELECT 1
| #define HAVE_STRCHR 1
| #define HAVE_STRERROR 1
| #define HAVE_STRTOL 1
| #define HAVE_USLEEP 1
| #define HAVE_CLOCK_GETTIME 1
| #define HAVE_SCHED_SETSCHEDULER 1
| #define HAVE_MLOCKALL 1
| #define HAVE_SETITIMER 1
| #define HAVE_NANOSLEEP 1
| #define HAVE_SNPRINTF 1
| #define HAVE_INET_PTON 1
| #define HAVE_INET_NTOP 1
| #define HAVE_GETTIMEOFDAY 1
| #define HAVE_DECL_ENOBUFS 1
| #define HAVE_DECL_EWOULDBLOCK 1
| #define HAVE_DECL_SO_TIMESTAMP 1
| #define HAVE_DECL_SO_SNDTIMEO 1
| #define HAVE_DECL_CPU_SET 1
| #define HAVE_DECL_SIGALRM 1
| #define SIZEOF_BOOL 0
| #define bool int
| /* end confdefs.h.  */
| #include <sys/types.h>
| 		#include <sys/param.h>
| 
| int
| main ()
| {
| #if BYTE_ORDER != BIG_ENDIAN
| 		 not big endian
| 		#endif
| 
|   ;
|   return 0;
| }
configure:7635: result: no
configure:7656: checking for struct ip_mreq
configure:7656: arm-linux-gcc -c  -O2 -DNDEBUG -D__SS_LINUX__ -D__SS_ARM_LINUX__  -O2 -DNDEBUG -D__SS_LINUX__ -D__SS_ARM_LINUX__ conftest.c >&5
configure:7656: $? = 0
configure:7656: arm-linux-gcc -c  -O2 -DNDEBUG -D__SS_LINUX__ -D__SS_ARM_LINUX__  -O2 -DNDEBUG -D__SS_LINUX__ -D__SS_ARM_LINUX__ conftest.c >&5
conftest.c: In function 'main':
conftest.c:82: error: expected expression before ')' token
configure:7656: $? = 1
configure: failed program was:
| /* confdefs.h */
| #define PACKAGE_NAME "Iperf"
| #define PACKAGE_TARNAME "iperf"
| #define PACKAGE_VERSION "2.0.9"
| #define PACKAGE_STRING "Iperf 2.0.9"
| #define PACKAGE_BUGREPORT ""
| #define PACKAGE_URL ""
| #define PACKAGE "iperf"
| #define VERSION "2.0.9"
| #define HAVE_LIBRT 1
| #define HAVE_PTHREAD 1
| #define HAVE_POSIX_THREAD 1
| #define _REENTRANT 1
| #define STDC_HEADERS 1
| #define HAVE_SYS_TYPES_H 1
| #define HAVE_SYS_STAT_H 1
| #define HAVE_STDLIB_H 1
| #define HAVE_STRING_H 1
| #define HAVE_MEMORY_H 1
| #define HAVE_STRINGS_H 1
| #define HAVE_INTTYPES_H 1
| #define HAVE_STDINT_H 1
| #define HAVE_UNISTD_H 1
| #define HAVE_ARPA_INET_H 1
| #define HAVE_LIBINTL_H 1
| #define HAVE_NETDB_H 1
| #define HAVE_NETINET_IN_H 1
| #define HAVE_STDLIB_H 1
| #define HAVE_STRING_H 1
| #define HAVE_STRINGS_H 1
| #define HAVE_SYS_SOCKET_H 1
| #define HAVE_SYS_TIME_H 1
| #define HAVE_SYSLOG_H 1
| #define HAVE_UNISTD_H 1
| #define HAVE_SIGNAL_H 1
| #define HAVE_SSIZE_T 1
| #define TIME_WITH_SYS_TIME 1
| #define Socklen_t socklen_t
| #define HAVE_FORK 1
| #define HAVE_VFORK 1
| #define HAVE_WORKING_VFORK 1
| #define HAVE_WORKING_FORK 1
| #define HAVE_SYS_SELECT_H 1
| #define HAVE_SYS_SOCKET_H 1
| #define SELECT_TYPE_ARG1 int
| #define SELECT_TYPE_ARG234 (fd_set *)
| #define SELECT_TYPE_ARG5 (struct timeval *)
| #define RETSIGTYPE void
| #define HAVE_STRFTIME 1
| #define HAVE_VPRINTF 1
| #define HAVE_ATEXIT 1
| #define HAVE_MEMSET 1
| #define HAVE_PTHREAD_CANCEL 1
| #define HAVE_SELECT 1
| #define HAVE_STRCHR 1
| #define HAVE_STRERROR 1
| #define HAVE_STRTOL 1
| #define HAVE_USLEEP 1
| #define HAVE_CLOCK_GETTIME 1
| #define HAVE_SCHED_SETSCHEDULER 1
| #define HAVE_MLOCKALL 1
| #define HAVE_SETITIMER 1
| #define HAVE_NANOSLEEP 1
| #define HAVE_SNPRINTF 1
| #define HAVE_INET_PTON 1
| #define HAVE_INET_NTOP 1
| #define HAVE_GETTIMEOFDAY 1
| #define HAVE_DECL_ENOBUFS 1
| #define HAVE_DECL_EWOULDBLOCK 1
| #define HAVE_DECL_SO_TIMESTAMP 1
| #define HAVE_DECL_SO_SNDTIMEO 1
| #define HAVE_DECL_CPU_SET 1
| #define HAVE_DECL_SIGALRM 1
| #define SIZEOF_BOOL 0
| #define bool int
| /* end confdefs.h.  */
| #include "compat/headers_slim.h"
| 
| int
| main ()
| {
| if (sizeof ((struct ip_mreq)))
| 	    return 0;
|   ;
|   return 0;
| }
configure:7656: result: yes
configure:7667: checking whether IP_ADD_MEMBERSHIP is declared
configure:7667: arm-linux-gcc -c  -O2 -DNDEBUG -D__SS_LINUX__ -D__SS_ARM_LINUX__  -O2 -DNDEBUG -D__SS_LINUX__ -D__SS_ARM_LINUX__ conftest.c >&5
configure:7667: $? = 0
configure:7667: result: yes
configure:7679: checking for multicast support
configure:7687: result: yes
configure:7697: checking for struct sockaddr_storage
configure:7697: arm-linux-gcc -c  -O2 -DNDEBUG -D__SS_LINUX__ -D__SS_ARM_LINUX__  -O2 -DNDEBUG -D__SS_LINUX__ -D__SS_ARM_LINUX__ conftest.c >&5
configure:7697: $? = 0
configure:7697: arm-linux-gcc -c  -O2 -DNDEBUG -D__SS_LINUX__ -D__SS_ARM_LINUX__  -O2 -DNDEBUG -D__SS_LINUX__ -D__SS_ARM_LINUX__ conftest.c >&5
conftest.c: In function 'main':
conftest.c:85: error: expected expression before ')' token
configure:7697: $? = 1
configure: failed program was:
| /* confdefs.h */
| #define PACKAGE_NAME "Iperf"
| #define PACKAGE_TARNAME "iperf"
| #define PACKAGE_VERSION "2.0.9"
| #define PACKAGE_STRING "Iperf 2.0.9"
| #define PACKAGE_BUGREPORT ""
| #define PACKAGE_URL ""
| #define PACKAGE "iperf"
| #define VERSION "2.0.9"
| #define HAVE_LIBRT 1
| #define HAVE_PTHREAD 1
| #define HAVE_POSIX_THREAD 1
| #define _REENTRANT 1
| #define STDC_HEADERS 1
| #define HAVE_SYS_TYPES_H 1
| #define HAVE_SYS_STAT_H 1
| #define HAVE_STDLIB_H 1
| #define HAVE_STRING_H 1
| #define HAVE_MEMORY_H 1
| #define HAVE_STRINGS_H 1
| #define HAVE_INTTYPES_H 1
| #define HAVE_STDINT_H 1
| #define HAVE_UNISTD_H 1
| #define HAVE_ARPA_INET_H 1
| #define HAVE_LIBINTL_H 1
| #define HAVE_NETDB_H 1
| #define HAVE_NETINET_IN_H 1
| #define HAVE_STDLIB_H 1
| #define HAVE_STRING_H 1
| #define HAVE_STRINGS_H 1
| #define HAVE_SYS_SOCKET_H 1
| #define HAVE_SYS_TIME_H 1
| #define HAVE_SYSLOG_H 1
| #define HAVE_UNISTD_H 1
| #define HAVE_SIGNAL_H 1
| #define HAVE_SSIZE_T 1
| #define TIME_WITH_SYS_TIME 1
| #define Socklen_t socklen_t
| #define HAVE_FORK 1
| #define HAVE_VFORK 1
| #define HAVE_WORKING_VFORK 1
| #define HAVE_WORKING_FORK 1
| #define HAVE_SYS_SELECT_H 1
| #define HAVE_SYS_SOCKET_H 1
| #define SELECT_TYPE_ARG1 int
| #define SELECT_TYPE_ARG234 (fd_set *)
| #define SELECT_TYPE_ARG5 (struct timeval *)
| #define RETSIGTYPE void
| #define HAVE_STRFTIME 1
| #define HAVE_VPRINTF 1
| #define HAVE_ATEXIT 1
| #define HAVE_MEMSET 1
| #define HAVE_PTHREAD_CANCEL 1
| #define HAVE_SELECT 1
| #define HAVE_STRCHR 1
| #define HAVE_STRERROR 1
| #define HAVE_STRTOL 1
| #define HAVE_USLEEP 1
| #define HAVE_CLOCK_GETTIME 1
| #define HAVE_SCHED_SETSCHEDULER 1
| #define HAVE_MLOCKALL 1
| #define HAVE_SETITIMER 1
| #define HAVE_NANOSLEEP 1
| #define HAVE_SNPRINTF 1
| #define HAVE_INET_PTON 1
| #define HAVE_INET_NTOP 1
| #define HAVE_GETTIMEOFDAY 1
| #define HAVE_DECL_ENOBUFS 1
| #define HAVE_DECL_EWOULDBLOCK 1
| #define HAVE_DECL_SO_TIMESTAMP 1
| #define HAVE_DECL_SO_SNDTIMEO 1
| #define HAVE_DECL_CPU_SET 1
| #define HAVE_DECL_SIGALRM 1
| #define SIZEOF_BOOL 0
| #define bool int
| #define HAVE_STRUCT_IP_MREQ 1
| #define HAVE_DECL_IP_ADD_MEMBERSHIP 1
| #define HAVE_MULTICAST 1
| /* end confdefs.h.  */
| #include "compat/headers_slim.h"
| 
| int
| main ()
| {
| if (sizeof ((struct sockaddr_storage)))
| 	    return 0;
|   ;
|   return 0;
| }
configure:7697: result: yes
configure:7708: checking for struct sockaddr_in6
configure:7708: arm-linux-gcc -c  -O2 -DNDEBUG -D__SS_LINUX__ -D__SS_ARM_LINUX__  -O2 -DNDEBUG -D__SS_LINUX__ -D__SS_ARM_LINUX__ conftest.c >&5
configure:7708: $? = 0
configure:7708: arm-linux-gcc -c  -O2 -DNDEBUG -D__SS_LINUX__ -D__SS_ARM_LINUX__  -O2 -DNDEBUG -D__SS_LINUX__ -D__SS_ARM_LINUX__ conftest.c >&5
conftest.c: In function 'main':
conftest.c:86: error: expected expression before ')' token
configure:7708: $? = 1
configure: failed program was:
| /* confdefs.h */
| #define PACKAGE_NAME "Iperf"
| #define PACKAGE_TARNAME "iperf"
| #define PACKAGE_VERSION "2.0.9"
| #define PACKAGE_STRING "Iperf 2.0.9"
| #define PACKAGE_BUGREPORT ""
| #define PACKAGE_URL ""
| #define PACKAGE "iperf"
| #define VERSION "2.0.9"
| #define HAVE_LIBRT 1
| #define HAVE_PTHREAD 1
| #define HAVE_POSIX_THREAD 1
| #define _REENTRANT 1
| #define STDC_HEADERS 1
| #define HAVE_SYS_TYPES_H 1
| #define HAVE_SYS_STAT_H 1
| #define HAVE_STDLIB_H 1
| #define HAVE_STRING_H 1
| #define HAVE_MEMORY_H 1
| #define HAVE_STRINGS_H 1
| #define HAVE_INTTYPES_H 1
| #define HAVE_STDINT_H 1
| #define HAVE_UNISTD_H 1
| #define HAVE_ARPA_INET_H 1
| #define HAVE_LIBINTL_H 1
| #define HAVE_NETDB_H 1
| #define HAVE_NETINET_IN_H 1
| #define HAVE_STDLIB_H 1
| #define HAVE_STRING_H 1
| #define HAVE_STRINGS_H 1
| #define HAVE_SYS_SOCKET_H 1
| #define HAVE_SYS_TIME_H 1
| #define HAVE_SYSLOG_H 1
| #define HAVE_UNISTD_H 1
| #define HAVE_SIGNAL_H 1
| #define HAVE_SSIZE_T 1
| #define TIME_WITH_SYS_TIME 1
| #define Socklen_t socklen_t
| #define HAVE_FORK 1
| #define HAVE_VFORK 1
| #define HAVE_WORKING_VFORK 1
| #define HAVE_WORKING_FORK 1
| #define HAVE_SYS_SELECT_H 1
| #define HAVE_SYS_SOCKET_H 1
| #define SELECT_TYPE_ARG1 int
| #define SELECT_TYPE_ARG234 (fd_set *)
| #define SELECT_TYPE_ARG5 (struct timeval *)
| #define RETSIGTYPE void
| #define HAVE_STRFTIME 1
| #define HAVE_VPRINTF 1
| #define HAVE_ATEXIT 1
| #define HAVE_MEMSET 1
| #define HAVE_PTHREAD_CANCEL 1
| #define HAVE_SELECT 1
| #define HAVE_STRCHR 1
| #define HAVE_STRERROR 1
| #define HAVE_STRTOL 1
| #define HAVE_USLEEP 1
| #define HAVE_CLOCK_GETTIME 1
| #define HAVE_SCHED_SETSCHEDULER 1
| #define HAVE_MLOCKALL 1
| #define HAVE_SETITIMER 1
| #define HAVE_NANOSLEEP 1
| #define HAVE_SNPRINTF 1
| #define HAVE_INET_PTON 1
| #define HAVE_INET_NTOP 1
| #define HAVE_GETTIMEOFDAY 1
| #define HAVE_DECL_ENOBUFS 1
| #define HAVE_DECL_EWOULDBLOCK 1
| #define HAVE_DECL_SO_TIMESTAMP 1
| #define HAVE_DECL_SO_SNDTIMEO 1
| #define HAVE_DECL_CPU_SET 1
| #define HAVE_DECL_SIGALRM 1
| #define SIZEOF_BOOL 0
| #define bool int
| #define HAVE_STRUCT_IP_MREQ 1
| #define HAVE_DECL_IP_ADD_MEMBERSHIP 1
| #define HAVE_MULTICAST 1
| #define HAVE_STRUCT_SOCKADDR_STORAGE 1
| /* end confdefs.h.  */
| #include "compat/headers_slim.h"
| 
| int
| main ()
| {
| if (sizeof ((struct sockaddr_in6)))
| 	    return 0;
|   ;
|   return 0;
| }
configure:7708: result: yes
configure:7719: checking whether AF_INET6 is declared
configure:7719: arm-linux-gcc -c  -O2 -DNDEBUG -D__SS_LINUX__ -D__SS_ARM_LINUX__  -O2 -DNDEBUG -D__SS_LINUX__ -D__SS_ARM_LINUX__ conftest.c >&5
configure:7719: $? = 0
configure:7719: result: yes
configure:7731: checking for IPv6 headers and structures
configure:7744: result: yes
configure:7750: checking for struct ipv6_mreq
configure:7750: arm-linux-gcc -c  -O2 -DNDEBUG -D__SS_LINUX__ -D__SS_ARM_LINUX__  -O2 -DNDEBUG -D__SS_LINUX__ -D__SS_ARM_LINUX__ conftest.c >&5
configure:7750: $? = 0
configure:7750: arm-linux-gcc -c  -O2 -DNDEBUG -D__SS_LINUX__ -D__SS_ARM_LINUX__  -O2 -DNDEBUG -D__SS_LINUX__ -D__SS_ARM_LINUX__ conftest.c >&5
conftest.c: In function 'main':
conftest.c:89: error: expected expression before ')' token
configure:7750: $? = 1
configure: failed program was:
| /* confdefs.h */
| #define PACKAGE_NAME "Iperf"
| #define PACKAGE_TARNAME "iperf"
| #define PACKAGE_VERSION "2.0.9"
| #define PACKAGE_STRING "Iperf 2.0.9"
| #define PACKAGE_BUGREPORT ""
| #define PACKAGE_URL ""
| #define PACKAGE "iperf"
| #define VERSION "2.0.9"
| #define HAVE_LIBRT 1
| #define HAVE_PTHREAD 1
| #define HAVE_POSIX_THREAD 1
| #define _REENTRANT 1
| #define STDC_HEADERS 1
| #define HAVE_SYS_TYPES_H 1
| #define HAVE_SYS_STAT_H 1
| #define HAVE_STDLIB_H 1
| #define HAVE_STRING_H 1
| #define HAVE_MEMORY_H 1
| #define HAVE_STRINGS_H 1
| #define HAVE_INTTYPES_H 1
| #define HAVE_STDINT_H 1
| #define HAVE_UNISTD_H 1
| #define HAVE_ARPA_INET_H 1
| #define HAVE_LIBINTL_H 1
| #define HAVE_NETDB_H 1
| #define HAVE_NETINET_IN_H 1
| #define HAVE_STDLIB_H 1
| #define HAVE_STRING_H 1
| #define HAVE_STRINGS_H 1
| #define HAVE_SYS_SOCKET_H 1
| #define HAVE_SYS_TIME_H 1
| #define HAVE_SYSLOG_H 1
| #define HAVE_UNISTD_H 1
| #define HAVE_SIGNAL_H 1
| #define HAVE_SSIZE_T 1
| #define TIME_WITH_SYS_TIME 1
| #define Socklen_t socklen_t
| #define HAVE_FORK 1
| #define HAVE_VFORK 1
| #define HAVE_WORKING_VFORK 1
| #define HAVE_WORKING_FORK 1
| #define HAVE_SYS_SELECT_H 1
| #define HAVE_SYS_SOCKET_H 1
| #define SELECT_TYPE_ARG1 int
| #define SELECT_TYPE_ARG234 (fd_set *)
| #define SELECT_TYPE_ARG5 (struct timeval *)
| #define RETSIGTYPE void
| #define HAVE_STRFTIME 1
| #define HAVE_VPRINTF 1
| #define HAVE_ATEXIT 1
| #define HAVE_MEMSET 1
| #define HAVE_PTHREAD_CANCEL 1
| #define HAVE_SELECT 1
| #define HAVE_STRCHR 1
| #define HAVE_STRERROR 1
| #define HAVE_STRTOL 1
| #define HAVE_USLEEP 1
| #define HAVE_CLOCK_GETTIME 1
| #define HAVE_SCHED_SETSCHEDULER 1
| #define HAVE_MLOCKALL 1
| #define HAVE_SETITIMER 1
| #define HAVE_NANOSLEEP 1
| #define HAVE_SNPRINTF 1
| #define HAVE_INET_PTON 1
| #define HAVE_INET_NTOP 1
| #define HAVE_GETTIMEOFDAY 1
| #define HAVE_DECL_ENOBUFS 1
| #define HAVE_DECL_EWOULDBLOCK 1
| #define HAVE_DECL_SO_TIMESTAMP 1
| #define HAVE_DECL_SO_SNDTIMEO 1
| #define HAVE_DECL_CPU_SET 1
| #define HAVE_DECL_SIGALRM 1
| #define SIZEOF_BOOL 0
| #define bool int
| #define HAVE_STRUCT_IP_MREQ 1
| #define HAVE_DECL_IP_ADD_MEMBERSHIP 1
| #define HAVE_MULTICAST 1
| #define HAVE_STRUCT_SOCKADDR_STORAGE 1
| #define HAVE_STRUCT_SOCKADDR_IN6 1
| #define HAVE_DECL_AF_INET6 1
| #define HAVE_IPV6 1
| /* end confdefs.h.  */
| #include "compat/headers_slim.h"
| 
| int
| main ()
| {
| if (sizeof ((struct ipv6_mreq)))
| 	    return 0;
|   ;
|   return 0;
| }
configure:7750: result: yes
configure:7761: checking whether IPV6_ADD_MEMBERSHIP is declared
configure:7761: arm-linux-gcc -c  -O2 -DNDEBUG -D__SS_LINUX__ -D__SS_ARM_LINUX__  -O2 -DNDEBUG -D__SS_LINUX__ -D__SS_ARM_LINUX__ conftest.c >&5
configure:7761: $? = 0
configure:7761: result: yes
configure:7773: checking whether IPV6_MULTICAST_HOPS is declared
configure:7773: arm-linux-gcc -c  -O2 -DNDEBUG -D__SS_LINUX__ -D__SS_ARM_LINUX__  -O2 -DNDEBUG -D__SS_LINUX__ -D__SS_ARM_LINUX__ conftest.c >&5
configure:7773: $? = 0
configure:7773: result: yes
configure:7785: checking for IPv6 multicast support
configure:7798: result: yes
configure:7931: checking whether make is GNU make
configure:7938: result: yes
configure:8061: checking that generated files are newer than configure
configure:8067: result: done
configure:8099: creating ./config.status

## ---------------------- ##
## Running config.status. ##
## ---------------------- ##

This file was extended by Iperf config.status 2.0.9, which was
generated by GNU Autoconf 2.69.  Invocation command line was

  CONFIG_FILES    = 
  CONFIG_HEADERS  = 
  CONFIG_LINKS    = 
  CONFIG_COMMANDS = 
  $ ./config.status 

on debian7

config.status:972: creating Makefile
config.status:972: creating compat/Makefile
config.status:972: creating doc/Makefile
config.status:972: creating include/Makefile
config.status:972: creating src/Makefile
config.status:972: creating man/Makefile
config.status:972: creating config.h
config.status:1201: executing depfiles commands
config.status:1201: executing include/iperf-int.h commands
config.status:1302: creating include/iperf-int.h : _IPERF_INCLUDE_IPERF_INT_H

## ---------------- ##
## Cache variables. ##
## ---------------- ##

ac_cv_accept_arg=socklen_t
ac_cv_build=x86_64-unknown-linux-gnu
ac_cv_c_bigendian=no
ac_cv_c_compiler_gnu=yes
ac_cv_c_const=yes
ac_cv_cxx_compiler_gnu=yes
ac_cv_env_CCC_set=
ac_cv_env_CCC_value=
ac_cv_env_CC_set=set
ac_cv_env_CC_value=arm-linux-gcc
ac_cv_env_CFLAGS_set=set
ac_cv_env_CFLAGS_value='-O2 -DNDEBUG -D__SS_LINUX__ -D__SS_ARM_LINUX__'
ac_cv_env_CPPFLAGS_set=set
ac_cv_env_CPPFLAGS_value='-O2 -DNDEBUG -D__SS_LINUX__ -D__SS_ARM_LINUX__'
ac_cv_env_CPP_set=set
ac_cv_env_CPP_value='arm-linux-gcc -E'
ac_cv_env_CXXFLAGS_set=set
ac_cv_env_CXXFLAGS_value='-O2 -DNDEBUG -D__SS_LINUX__ -D__SS_ARM_LINUX__'
ac_cv_env_CXX_set=set
ac_cv_env_CXX_value=arm-linux-g++
ac_cv_env_LDFLAGS_set=
ac_cv_env_LDFLAGS_value=
ac_cv_env_LIBS_set=
ac_cv_env_LIBS_value=
ac_cv_env_build_alias_set=
ac_cv_env_build_alias_value=
ac_cv_env_host_alias_set=set
ac_cv_env_host_alias_value=arm-linux
ac_cv_env_target_alias_set=
ac_cv_env_target_alias_value=
ac_cv_func__doprnt=no
ac_cv_func_atexit=yes
ac_cv_func_clock_gettime=yes
ac_cv_func_fork=yes
ac_cv_func_fork_works=yes
ac_cv_func_gettimeofday=yes
ac_cv_func_inet_ntop=yes
ac_cv_func_inet_pton=yes
ac_cv_func_memcmp_working=no
ac_cv_func_memset=yes
ac_cv_func_mlockall=yes
ac_cv_func_nanosleep=yes
ac_cv_func_pthread_cancel=yes
ac_cv_func_sched_setscheduler=yes
ac_cv_func_select=yes
ac_cv_func_select_args='int,fd_set *,struct timeval *'
ac_cv_func_setitimer=yes
ac_cv_func_snprintf=yes
ac_cv_func_strchr=yes
ac_cv_func_strerror=yes
ac_cv_func_strftime=yes
ac_cv_func_strtol=yes
ac_cv_func_usleep=yes
ac_cv_func_vfork=yes
ac_cv_func_vfork_works=yes
ac_cv_func_vprintf=yes
ac_cv_have_decl_AF_INET6=yes
ac_cv_have_decl_CPU_SET=yes
ac_cv_have_decl_ENOBUFS=yes
ac_cv_have_decl_EWOULDBLOCK=yes
ac_cv_have_decl_IPV6_ADD_MEMBERSHIP=yes
ac_cv_have_decl_IPV6_MULTICAST_HOPS=yes
ac_cv_have_decl_IP_ADD_MEMBERSHIP=yes
ac_cv_have_decl_SIGALRM=yes
ac_cv_have_decl_SO_SNDTIMEO=yes
ac_cv_have_decl_SO_TIMESTAMP=yes
ac_cv_have_ipv6=yes
ac_cv_have_ipv6_multicast=yes
ac_cv_have_true=yes
ac_cv_header_arpa_inet_h=yes
ac_cv_header_inttypes_h=yes
ac_cv_header_libintl_h=yes
ac_cv_header_memory_h=yes
ac_cv_header_netdb_h=yes
ac_cv_header_netinet_in_h=yes
ac_cv_header_signal_h=yes
ac_cv_header_stdc=yes
ac_cv_header_stdint=stdint.h
ac_cv_header_stdint_h=yes
ac_cv_header_stdint_t=stdint.h
ac_cv_header_stdlib_h=yes
ac_cv_header_string_h=yes
ac_cv_header_strings_h=yes
ac_cv_header_sys_select_h=yes
ac_cv_header_sys_socket_h=yes
ac_cv_header_sys_stat_h=yes
ac_cv_header_sys_time_h=yes
ac_cv_header_sys_types_h=yes
ac_cv_header_syslog_h=yes
ac_cv_header_time=yes
ac_cv_header_unistd_h=yes
ac_cv_header_vfork_h=no
ac_cv_host=arm-unknown-linux-gnu
ac_cv_lib_rt_clock_gettime=yes
ac_cv_member_struct_tcp_info_tcpi_total_retrans=no
ac_cv_multicast=yes
ac_cv_objext=o
ac_cv_path_EGREP='/bin/grep -E'
ac_cv_path_GREP=/bin/grep
ac_cv_path_install='/usr/bin/install -c'
ac_cv_path_mkdir=/bin/mkdir
ac_cv_prog_AWK=mawk
ac_cv_prog_CC=arm-linux-gcc
ac_cv_prog_CPP='arm-linux-gcc -E'
ac_cv_prog_PTHREAD_CC=arm-linux-gcc
ac_cv_prog_RANLIB=arm-linux-ranlib
ac_cv_prog_STRIP=arm-linux-strip
ac_cv_prog_cc_c89=
ac_cv_prog_cc_g=yes
ac_cv_prog_cxx_g=yes
ac_cv_prog_make_make_set=yes
ac_cv_search_gethostbyname='none required'
ac_cv_search_socket='none required'
ac_cv_search_strerror='none required'
ac_cv_sizeof_bool=0
ac_cv_stdint_message='using gnu compiler arm-linux-gcc (GCC) 4.2.2'
ac_cv_stdint_result='(assuming C99 compatible system)'
ac_cv_struct_tm=time.h
ac_cv_type_pid_t=yes
ac_cv_type_signal=void
ac_cv_type_size_t=yes
ac_cv_type_ssize_t=yes
ac_cv_type_struct_ip_mreq=yes
ac_cv_type_struct_ipv6_mreq=yes
ac_cv_type_struct_sockaddr_in6=yes
ac_cv_type_struct_sockaddr_storage=yes
am_cv_CC_dependencies_compiler_type=gcc3
am_cv_CXX_dependencies_compiler_type=gcc3
am_cv_make_support_nested_variables=yes

## ----------------- ##
## Output variables. ##
## ----------------- ##

ACLOCAL='${SHELL} /work/iperf-2.0.9/missing aclocal-1.13'
AMDEPBACKSLASH='\'
AMDEP_FALSE='#'
AMDEP_TRUE=''
AMTAR='$${TAR-tar}'
AM_BACKSLASH='\'
AM_DEFAULT_V='$(AM_DEFAULT_VERBOSITY)'
AM_DEFAULT_VERBOSITY='1'
AM_V='$(V)'
AUTOCONF='${SHELL} /work/iperf-2.0.9/missing autoconf'
AUTOHEADER='${SHELL} /work/iperf-2.0.9/missing autoheader'
AUTOMAKE='${SHELL} /work/iperf-2.0.9/missing automake-1.13'
AWK='mawk'
CC='arm-linux-gcc'
CCDEPMODE='depmode=gcc3'
CFLAGS=' -O2 -DNDEBUG -D__SS_LINUX__ -D__SS_ARM_LINUX__ '
CPP='arm-linux-gcc -E'
CPPFLAGS='-O2 -DNDEBUG -D__SS_LINUX__ -D__SS_ARM_LINUX__'
CXX='arm-linux-g++'
CXXDEPMODE='depmode=gcc3'
CXXFLAGS=' -O2 -DNDEBUG -D__SS_LINUX__ -D__SS_ARM_LINUX__ '
CYGPATH_W='echo'
DEFS='-DHAVE_CONFIG_H'
DEPDIR='.deps'
ECHO_C=''
ECHO_N='-n'
ECHO_T=''
EGREP='/bin/grep -E'
EXEEXT=''
GREP='/bin/grep'
INSTALL_DATA='${INSTALL} -m 644'
INSTALL_PROGRAM='${INSTALL}'
INSTALL_SCRIPT='${INSTALL}'
INSTALL_STRIP_PROGRAM='$(install_sh) -c -s'
LDFLAGS=''
LIBOBJS=' ${LIBOBJDIR}memcmp$U.o'
LIBS='-lrt '
LTLIBOBJS=' ${LIBOBJDIR}memcmp$U.lo'
MAINT='#'
MAINTAINER_MODE_FALSE=''
MAINTAINER_MODE_TRUE='#'
MAKEINFO='${SHELL} /work/iperf-2.0.9/missing makeinfo'
MKDIR_P='/bin/mkdir -p'
OBJEXT='o'
PACKAGE='iperf'
PACKAGE_BUGREPORT=''
PACKAGE_NAME='Iperf'
PACKAGE_STRING='Iperf 2.0.9'
PACKAGE_TARNAME='iperf'
PACKAGE_URL=''
PACKAGE_VERSION='2.0.9'
PATH_SEPARATOR=':'
PTHREAD_CC='arm-linux-gcc'
PTHREAD_CFLAGS=''
PTHREAD_LIBS=''
RANLIB='arm-linux-ranlib'
SET_MAKE=''
SHELL='/bin/sh'
STRIP='arm-linux-strip'
STRIP_BEGIN='$(strip $(STRIP_DUMMY)'
STRIP_DUMMY=''
STRIP_END=')'
VERSION='2.0.9'
WEB100_CFLAGS=''
WEB100_CONFIG=''
WEB100_LIBS=''
ac_ct_CC=''
ac_ct_CXX=''
acx_pthread_config=''
am__EXEEXT_FALSE=''
am__EXEEXT_TRUE='#'
am__fastdepCC_FALSE='#'
am__fastdepCC_TRUE=''
am__fastdepCXX_FALSE='#'
am__fastdepCXX_TRUE=''
am__include='include'
am__isrc=''
am__leading_dot='.'
am__nodep='_no'
am__quote=''
am__tar='$${TAR-tar} chof - "$$tardir"'
am__untar='$${TAR-tar} xf -'
bindir='${exec_prefix}/bin'
build='x86_64-unknown-linux-gnu'
build_alias=''
build_cpu='x86_64'
build_os='linux-gnu'
build_vendor='unknown'
datadir='${datarootdir}'
datarootdir='${prefix}/share'
docdir='${datarootdir}/doc/${PACKAGE_TARNAME}'
dvidir='${docdir}'
exec_prefix='${prefix}'
host='arm-unknown-linux-gnu'
host_alias='arm-linux'
host_cpu='arm'
host_os='linux-gnu'
host_vendor='unknown'
htmldir='${docdir}'
includedir='${prefix}/include'
infodir='${datarootdir}/info'
install_sh='${SHELL} /work/iperf-2.0.9/install-sh'
libdir='${exec_prefix}/lib'
libexecdir='${exec_prefix}/libexec'
localedir='${datarootdir}/locale'
localstatedir='${prefix}/var'
mandir='${datarootdir}/man'
mkdir_p='$(MKDIR_P)'
oldincludedir='/usr/include'
pdfdir='${docdir}'
prefix='/usr/local'
program_transform_name='s,x,x,'
psdir='${docdir}'
sbindir='${exec_prefix}/sbin'
sharedstatedir='${prefix}/com'
sysconfdir='${prefix}/etc'
target_alias=''

## ----------- ##
## confdefs.h. ##
## ----------- ##

/* confdefs.h */
#define PACKAGE_NAME "Iperf"
#define PACKAGE_TARNAME "iperf"
#define PACKAGE_VERSION "2.0.9"
#define PACKAGE_STRING "Iperf 2.0.9"
#define PACKAGE_BUGREPORT ""
#define PACKAGE_URL ""
#define PACKAGE "iperf"
#define VERSION "2.0.9"
#define HAVE_LIBRT 1
#define HAVE_PTHREAD 1
#define HAVE_POSIX_THREAD 1
#define _REENTRANT 1
#define STDC_HEADERS 1
#define HAVE_SYS_TYPES_H 1
#define HAVE_SYS_STAT_H 1
#define HAVE_STDLIB_H 1
#define HAVE_STRING_H 1
#define HAVE_MEMORY_H 1
#define HAVE_STRINGS_H 1
#define HAVE_INTTYPES_H 1
#define HAVE_STDINT_H 1
#define HAVE_UNISTD_H 1
#define HAVE_ARPA_INET_H 1
#define HAVE_LIBINTL_H 1
#define HAVE_NETDB_H 1
#define HAVE_NETINET_IN_H 1
#define HAVE_STDLIB_H 1
#define HAVE_STRING_H 1
#define HAVE_STRINGS_H 1
#define HAVE_SYS_SOCKET_H 1
#define HAVE_SYS_TIME_H 1
#define HAVE_SYSLOG_H 1
#define HAVE_UNISTD_H 1
#define HAVE_SIGNAL_H 1
#define HAVE_SSIZE_T 1
#define TIME_WITH_SYS_TIME 1
#define Socklen_t socklen_t
#define HAVE_FORK 1
#define HAVE_VFORK 1
#define HAVE_WORKING_VFORK 1
#define HAVE_WORKING_FORK 1
#define HAVE_SYS_SELECT_H 1
#define HAVE_SYS_SOCKET_H 1
#define SELECT_TYPE_ARG1 int
#define SELECT_TYPE_ARG234 (fd_set *)
#define SELECT_TYPE_ARG5 (struct timeval *)
#define RETSIGTYPE void
#define HAVE_STRFTIME 1
#define HAVE_VPRINTF 1
#define HAVE_ATEXIT 1
#define HAVE_MEMSET 1
#define HAVE_PTHREAD_CANCEL 1
#define HAVE_SELECT 1
#define HAVE_STRCHR 1
#define HAVE_STRERROR 1
#define HAVE_STRTOL 1
#define HAVE_USLEEP 1
#define HAVE_CLOCK_GETTIME 1
#define HAVE_SCHED_SETSCHEDULER 1
#define HAVE_MLOCKALL 1
#define HAVE_SETITIMER 1
#define HAVE_NANOSLEEP 1
#define HAVE_SNPRINTF 1
#define HAVE_INET_PTON 1
#define HAVE_INET_NTOP 1
#define HAVE_GETTIMEOFDAY 1
#define HAVE_DECL_ENOBUFS 1
#define HAVE_DECL_EWOULDBLOCK 1
#define HAVE_DECL_SO_TIMESTAMP 1
#define HAVE_DECL_SO_SNDTIMEO 1
#define HAVE_DECL_CPU_SET 1
#define HAVE_DECL_SIGALRM 1
#define SIZEOF_BOOL 0
#define bool int
#define HAVE_STRUCT_IP_MREQ 1
#define HAVE_DECL_IP_ADD_MEMBERSHIP 1
#define HAVE_MULTICAST 1
#define HAVE_STRUCT_SOCKADDR_STORAGE 1
#define HAVE_STRUCT_SOCKADDR_IN6 1
#define HAVE_DECL_AF_INET6 1
#define HAVE_IPV6 1
#define HAVE_STRUCT_IPV6_MREQ 1
#define HAVE_DECL_IPV6_ADD_MEMBERSHIP 1
#define HAVE_DECL_IPV6_MULTICAST_HOPS 1
#define HAVE_IPV6_MULTICAST 1
#define HAVE_KALMAN 1

configure: exit 0
